============================= test session starts ==============================
platform linux -- Python 3.12.3, pytest-9.0.1, pluggy-1.6.0 -- /usr/bin/python3
cachedir: .pytest_cache
rootdir: /mnt/c/Users/mohit/Documents/GitHub/blackboxai-finbot
configfile: pytest.ini (WARNING: ignoring pytest config in pyproject.toml!)
testpaths: tests
plugins: anyio-3.7.1, cov-7.0.0
collecting ... collected 490 items

tests/ai_models/test_feature_pipeline.py::test_compute_market_features_adds_columns PASSED [  0%]
tests/ai_models/test_feature_pipeline.py::test_normalize_features_builds_norm_columns PASSED [  0%]
tests/ai_models/test_model_loading.py::test_pipeline_answer_returns_clean_response FAILED [  0%]
tests/ai_models/test_model_loading.py::test_build_prompt_includes_evidence PASSED [  0%]
tests/ai_models/test_prediction_api_contract.py::test_ai_response_serializes_sources PASSED [  1%]
tests/ai_models/test_prediction_api_contract.py::test_ai_response_defaults_to_none_fields PASSED [  1%]
tests/ai_models/test_safety_filters.py::test_prompt_blocked_on_jailbreak PASSED [  1%]
tests/ai_models/test_safety_filters.py::test_response_requires_evidence PASSED [  1%]
tests/ai_models/test_safety_filters.py::test_moderation_client_can_block PASSED [  1%]
tests/backend/test_ai_routes.py::test_ai_query_returns_answer PASSED     [  2%]
tests/backend/test_ai_routes.py::test_ai_query_validates_question PASSED [  2%]
tests/backend/test_auth_routes.py::test_login_successful PASSED          [  2%]
tests/backend/test_auth_routes.py::test_login_invalid_credentials PASSED [  2%]
tests/backend/test_auth_routes.py::test_logout_successful FAILED         [  2%]
tests/backend/test_auth_routes.py::test_register_new_user FAILED         [  3%]
tests/backend/test_auth_routes.py::test_register_existing_user FAILED    [  3%]
tests/backend/test_auth_routes.py::test_register_invalid_email PASSED    [  3%]
tests/backend/test_auth_routes.py::test_register_weak_password PASSED    [  3%]
tests/backend/test_auth_routes.py::test_forgot_password_valid_email FAILED [  3%]
tests/backend/test_auth_routes.py::test_forgot_password_unknown_email FAILED [  4%]
tests/backend/test_auth_routes.py::test_protected_endpoint_requires_auth FAILED [  4%]
tests/backend/test_auth_routes.py::test_protected_endpoint_with_valid_token FAILED [  4%]
tests/backend/test_auth_routes.py::test_admin_only_endpoint_requires_admin_role FAILED [  4%]
tests/backend/test_auth_routes.py::test_token_refresh PASSED             [  4%]
tests/backend/test_auth_routes.py::test_logout_invalidates_token FAILED  [  5%]
tests/backend/test_auth_routes.py::test_auth_endpoints_cors_headers FAILED [  5%]
tests/backend/test_market_data_routes.py::test_get_market_data_ohlc FAILED [  5%]
tests/backend/test_market_data_routes.py::test_get_market_data_ohlc_invalid_symbol FAILED [  5%]
tests/backend/test_market_data_routes.py::test_get_market_data_ohlc_with_date_range FAILED [  5%]
tests/backend/test_market_data_routes.py::test_get_current_price FAILED  [  6%]
tests/backend/test_market_data_routes.py::test_get_current_price_not_found FAILED [  6%]
tests/backend/test_market_data_routes.py::test_get_market_data_quote FAILED [  6%]
tests/backend/test_market_data_routes.py::test_get_market_depth FAILED   [  6%]
tests/backend/test_market_data_routes.py::test_get_historical_volume FAILED [  6%]
tests/backend/test_market_data_routes.py::test_get_market_data_with_pagination FAILED [  7%]
tests/backend/test_market_data_routes.py::test_get_market_data_invalid_timeframe FAILED [  7%]
tests/backend/test_market_data_routes.py::test_get_market_data_rate_limiting FAILED [  7%]
tests/backend/test_market_data_routes.py::test_get_market_data_caching FAILED [  7%]
tests/backend/test_market_data_routes.py::test_get_market_data_error_handling FAILED [  7%]
tests/backend/test_market_data_routes.py::test_get_market_data_empty_response FAILED [  8%]
tests/backend/test_middlewares.py::test_security_headers_middleware_injects_defaults PASSED [  8%]
tests/backend/test_middlewares.py::test_enforce_https_redirects_insecure_requests PASSED [  8%]
tests/backend/test_trading_routes.py::test_place_buy_order_success FAILED [  8%]
tests/backend/test_trading_routes.py::test_place_sell_order_success FAILED [  8%]
tests/backend/test_trading_routes.py::test_place_market_order FAILED     [  9%]
tests/backend/test_trading_routes.py::test_place_order_invalid_side FAILED [  9%]
tests/backend/test_trading_routes.py::test_place_order_invalid_quantity FAILED [  9%]
tests/backend/test_trading_routes.py::test_place_order_live_mode_blocked_without_confirmation FAILED [  9%]
tests/backend/test_trading_routes.py::test_cancel_order_success FAILED   [ 10%]
tests/backend/test_trading_routes.py::test_cancel_order_not_found FAILED [ 10%]
tests/backend/test_trading_routes.py::test_get_portfolio_summary PASSED  [ 10%]
tests/backend/test_trading_routes.py::test_get_portfolio_positions PASSED [ 10%]
tests/backend/test_trading_routes.py::test_get_pnl_today FAILED          [ 10%]
tests/backend/test_trading_routes.py::test_get_order_history PASSED      [ 11%]
tests/backend/test_trading_routes.py::test_activate_strategy_success PASSED [ 11%]
tests/backend/test_trading_routes.py::test_activate_strategy_not_found PASSED [ 11%]
tests/backend/test_trading_routes.py::test_deactivate_strategy_success PASSED [ 11%]
tests/backend/test_trading_routes.py::test_start_trading_engine FAILED   [ 11%]
tests/backend/test_trading_routes.py::test_stop_trading_engine FAILED    [ 12%]
tests/backend/test_trading_routes.py::test_get_trading_status FAILED     [ 12%]
tests/backend/test_trading_routes.py::test_get_trading_history FAILED    [ 12%]
tests/backend/test_trading_routes.py::test_place_order_unauthenticated FAILED [ 12%]
tests/backend/test_trading_routes.py::test_portfolio_endpoints_fallback_to_mvp PASSED [ 12%]
tests/backend/test_trading_routes.py::test_portfolio_endpoints_no_service_available PASSED [ 13%]
tests/backend/test_user_routes.py::test_register_creates_user_and_returns_token PASSED [ 13%]
tests/backend/test_user_routes.py::test_register_rejects_duplicate_username PASSED [ 13%]
tests/backend/test_user_routes.py::test_login_enforces_credentials[user-userpass-200] PASSED [ 13%]
tests/backend/test_user_routes.py::test_login_enforces_credentials[user-badpass-401] PASSED [ 13%]
tests/data_collector/test_backfill_scripts.py::test_nse_backfill_script_success FAILED [ 14%]
tests/data_collector/test_backfill_scripts.py::test_nse_backfill_with_date_range FAILED [ 14%]
tests/data_collector/test_backfill_scripts.py::test_bse_backfill_script_success FAILED [ 14%]
tests/data_collector/test_backfill_scripts.py::test_mcx_backfill_script_success FAILED [ 14%]
tests/data_collector/test_backfill_scripts.py::test_backfill_script_error_handling FAILED [ 14%]
tests/data_collector/test_backfill_scripts.py::test_backfill_script_invalid_dates FAILED [ 15%]
tests/data_collector/test_backfill_scripts.py::test_backfill_script_rate_limiting FAILED [ 15%]
tests/data_collector/test_backfill_scripts.py::test_backfill_script_data_validation FAILED [ 15%]
tests/data_collector/test_backfill_scripts.py::test_backfill_script_progress_reporting FAILED [ 15%]
tests/data_collector/test_backfill_scripts.py::test_backfill_script_config_loading FAILED [ 15%]
tests/data_collector/test_backfill_scripts.py::test_backfill_script_output_formats FAILED [ 16%]
tests/data_collector/test_backfill_scripts.py::test_backfill_script_dry_run_mode FAILED [ 16%]
tests/data_collector/test_backfill_scripts.py::test_backfill_script_symbol_filtering FAILED [ 16%]
tests/data_collector/test_backfill_scripts.py::test_backfill_script_parallel_processing FAILED [ 16%]
tests/data_collector/test_mock_feeds.py::test_mock_websocket_server_emits_ticks FAILED [ 16%]
tests/data_collector/test_mock_feeds.py::test_signal_handler_schedules_stop PASSED [ 17%]
tests/e2e/test_paper_trading_e2e.py::test_paper_trading_buy_order_end_to_end PASSED [ 17%]
tests/e2e/test_paper_trading_e2e.py::test_paper_trading_edge_cases_and_errors PASSED [ 17%]
tests/e2e/test_paper_trading_e2e.py::test_paper_trading_edge_cases_and_errors ERROR [ 17%]
tests/e2e/test_paper_trading_e2e.py::test_paper_trading_limit_and_stop_orders PASSED [ 17%]
tests/e2e/test_paper_trading_e2e.py::test_paper_trading_limit_and_stop_orders ERROR [ 17%]
tests/integration/test_adapters_integration.py::TestYFinanceAdapterIntegration::test_fetch_and_store_data ERROR [ 17%]
tests/integration/test_adapters_integration.py::TestYFinanceAdapterIntegration::test_fetch_multiple_symbols ERROR [ 18%]
tests/integration/test_adapters_integration.py::TestAdapterDataNormalization::test_yfinance_normalization PASSED [ 18%]
tests/integration/test_adapters_integration.py::TestAdapterDataNormalization::test_alphavantage_normalization PASSED [ 18%]
tests/integration/test_adapters_integration.py::TestAdapterErrorHandling::test_yfinance_network_error FAILED [ 18%]
tests/integration/test_adapters_integration.py::TestAdapterErrorHandling::test_alphavantage_api_error FAILED [ 18%]
tests/integration/test_adapters_integration.py::TestAdapterRateLimiting::test_yfinance_rate_limiting FAILED [ 19%]
tests/integration/test_api_auth.py::TestAPIAuthentication::test_login_invalid_credentials PASSED [ 19%]
tests/integration/test_api_auth.py::TestAPIAuthentication::test_login_nonexistent_user FAILED [ 19%]
tests/integration/test_api_auth.py::TestAPIAuthentication::test_login_successful FAILED [ 19%]
tests/integration/test_api_auth.py::TestAPIAuthentication::test_logout_authenticated FAILED [ 20%]
tests/integration/test_api_auth.py::TestAPIAuthentication::test_logout_unauthenticated FAILED [ 20%]
tests/integration/test_api_auth.py::TestProtectedEndpoints::test_place_trade_authenticated FAILED [ 20%]
tests/integration/test_api_auth.py::TestProtectedEndpoints::test_place_trade_invalid_quantity FAILED [ 20%]
tests/integration/test_api_auth.py::TestProtectedEndpoints::test_place_trade_invalid_side FAILED [ 20%]
tests/integration/test_api_auth.py::TestProtectedEndpoints::test_place_trade_no_auth FAILED [ 21%]
tests/integration/test_api_auth.py::TestProtectedEndpoints::test_protected_endpoint_authenticated FAILED [ 21%]
tests/integration/test_api_auth.py::TestProtectedEndpoints::test_protected_endpoint_invalid_token FAILED [ 21%]
tests/integration/test_api_auth.py::TestProtectedEndpoints::test_protected_endpoint_no_auth FAILED [ 21%]
tests/integration/test_api_auth.py::TestPublicEndpoints::test_health_endpoint FAILED [ 21%]
tests/integration/test_api_auth.py::TestPublicEndpoints::test_logs_endpoint_forbidden_for_non_admin FAILED [ 22%]
tests/integration/test_api_auth.py::TestPublicEndpoints::test_logs_endpoint_no_file FAILED [ 22%]
tests/integration/test_api_auth.py::TestPublicEndpoints::test_logs_endpoint_requires_auth FAILED [ 22%]
tests/integration/test_api_auth.py::TestPublicEndpoints::test_logs_endpoint_with_file FAILED [ 22%]
tests/integration/test_api_auth.py::TestPublicEndpoints::test_metrics_endpoint FAILED [ 22%]
tests/integration/test_api_auth.py::TestPublicEndpoints::test_root_endpoint FAILED [ 23%]
tests/integration/test_api_auth.py::TestPublicEndpoints::test_status_endpoint FAILED [ 23%]
tests/integration/test_api_auth.py::TestStrategyEndpoints::test_get_strategies FAILED [ 23%]
tests/integration/test_api_auth.py::TestStrategyEndpoints::test_load_strategy_invalid_class FAILED [ 23%]
tests/integration/test_api_auth.py::TestStrategyEndpoints::test_manage_strategy_invalid_action FAILED [ 23%]
tests/integration/test_api_auth.py::TestTradingEndpoints::test_control_trading_invalid_action FAILED [ 24%]
tests/integration/test_api_auth.py::TestTradingEndpoints::test_get_trading_history FAILED [ 24%]
tests/integration/test_api_auth.py::TestTradingEndpoints::test_get_trading_status FAILED [ 24%]
tests/integration/test_api_endpoints.py::TestCandlesEndpoint::test_get_candles_success PASSED [ 24%]
tests/integration/test_api_endpoints.py::TestCandlesEndpoint::test_get_candles_with_limit PASSED [ 24%]
tests/integration/test_api_endpoints.py::TestCandlesEndpoint::test_get_candles_not_found PASSED [ 25%]
tests/integration/test_api_endpoints.py::TestCandlesEndpoint::test_get_candles_missing_symbol PASSED [ 25%]
tests/integration/test_api_endpoints.py::TestCandlesEndpoint::test_get_candles_invalid_limit PASSED [ 25%]
tests/integration/test_api_endpoints.py::TestMetricsEndpoint::test_get_metrics_success FAILED [ 25%]
tests/integration/test_api_endpoints.py::TestMetricsEndpoint::test_metrics_format PASSED [ 25%]
tests/integration/test_api_endpoints.py::TestHealthEndpoints::test_health_check PASSED [ 26%]
tests/integration/test_api_endpoints.py::TestHealthEndpoints::test_ready_check FAILED [ 26%]
tests/integration/test_api_endpoints.py::TestSymbolsEndpoint::test_get_symbols FAILED [ 26%]
tests/integration/test_backend_api_roles.py::test_health_endpoints_exposed_without_auth PASSED [ 26%]
tests/integration/test_backend_api_roles.py::test_metrics_requires_admin ERROR [ 26%]
tests/integration/test_backend_api_roles.py::test_get_routes_require_auth[/api/portfolio] PASSED [ 27%]
tests/integration/test_backend_api_roles.py::test_get_routes_require_auth[/api/positions] PASSED [ 27%]
tests/integration/test_backend_api_roles.py::test_get_routes_require_auth[/api/trades] PASSED [ 27%]
tests/integration/test_backend_api_roles.py::test_protected_get_routes_accept_user_token ERROR [ 27%]
tests/integration/test_backend_api_roles.py::test_strategy_actions_require_auth PASSED [ 27%]
tests/integration/test_backend_api_roles.py::test_strategy_actions_accept_user_token ERROR [ 28%]
tests/integration/test_backend_api_roles.py::test_malformed_and_expired_tokens_are_rejected ERROR [ 28%]
tests/integration/test_backend_api_roles.py::test_logs_restricted_to_admin ERROR [ 28%]
tests/integration/test_backend_api_roles.py::test_logs_returns_503_when_store_unavailable ERROR [ 28%]
tests/integration/test_full_paper_trading_loop.py::test_process_symbol_invokes_signal_handler FAILED [ 28%]
tests/integration/test_health_and_metrics_stack.py::test_backend_metrics_endpoint_includes_components FAILED [ 29%]
tests/integration/test_health_and_metrics_stack.py::test_metrics_collector_emits_prometheus_text PASSED [ 29%]
tests/market_data_ingestion/test_api_routes.py::test_health_check_reports_service_name FAILED [ 29%]
tests/market_data_ingestion/test_api_routes.py::test_readiness_check_queries_database FAILED [ 29%]
tests/market_data_ingestion/test_api_routes.py::test_readiness_check_propagates_errors FAILED [ 30%]
tests/market_data_ingestion/test_api_routes.py::test_get_candles_returns_payload FAILED [ 30%]
tests/market_data_ingestion/test_api_routes.py::test_get_candles_raises_when_no_data FAILED [ 30%]
tests/market_data_ingestion/test_backfill_cli.py::test_backfill_api_command_executes FAILED [ 30%]
tests/market_data_ingestion/test_backfill_cli.py::test_backfill_csv_command_ingests FAILED [ 30%]
tests/market_data_ingestion/test_backfill_cli.py::test_replay_dlq_command_invokes_handler FAILED [ 31%]
tests/market_data_ingestion/test_bar_builders.py::test_candle_aggregator_emits_payload_for_each_interval FAILED [ 31%]
tests/market_data_ingestion/test_bar_builders.py::test_tick_aggregator_flushes_all_intervals FAILED [ 31%]
tests/market_data_ingestion/test_scheduler_and_retries.py::test_seconds_until_next_run_is_positive PASSED [ 31%]
tests/market_data_ingestion/test_scheduler_and_retries.py::test_trigger_refresh_invokes_backfill FAILED [ 31%]
tests/market_data_ingestion/test_source_adapters_equities.py::test_yfinance_normalize_data_produces_chronological_payload PASSED [ 32%]
tests/market_data_ingestion/test_source_adapters_equities.py::test_fetch_historical_data_invokes_rate_limit FAILED [ 32%]
tests/market_data_ingestion/test_source_adapters_mcxticks.py::test_kite_adapter_normalizes_ticks FAILED [ 32%]
tests/market_data_ingestion/test_source_adapters_mcxticks.py::test_process_message_returns_none_for_invalid_json FAILED [ 32%]
tests/market_data_ingestion/test_source_adapters_mcxticks.py::test_process_message_uses_normalizer FAILED [ 32%]
tests/market_data_ingestion/test_storage_parquet_postgres.py::test_postgres_connection_uses_asyncpg_pool FAILED [ 33%]
tests/market_data_ingestion/test_storage_parquet_postgres.py::test_sqlite_candles_can_be_dumped_to_parquet FAILED [ 33%]
tests/performance/test_candles_latency.py::test_candles_under_150ms SKIPPED [ 33%]
tests/performance/test_ingestion_performance.py::TestStoragePerformance::test_bulk_insert_performance ERROR [ 33%]
tests/performance/test_ingestion_performance.py::TestStoragePerformance::test_fetch_performance ERROR [ 33%]
tests/performance/test_ingestion_performance.py::TestAggregatorPerformance::test_tick_aggregation_performance FAILED [ 34%]
tests/performance/test_ingestion_performance.py::TestAggregatorPerformance::test_multi_symbol_aggregation_performance FAILED [ 34%]
tests/performance/test_ingestion_performance.py::TestEndToEndPerformance::test_full_pipeline_performance ERROR [ 34%]
tests/performance/test_ingestion_performance.py::TestConcurrentOperations::test_concurrent_inserts ERROR [ 34%]
tests/risk/test_exposure_limits.py::test_position_size_for_risk_respects_lot_size PASSED [ 34%]
tests/risk/test_exposure_limits.py::test_can_open_new_position_honours_open_position_limit PASSED [ 35%]
tests/risk/test_order_block_rules.py::test_circuit_breaker_blocks_orders_after_loss PASSED [ 35%]
tests/risk/test_var_and_drawdown.py::test_can_open_trade_respects_risk_per_trade FAILED [ 35%]
tests/risk/test_var_and_drawdown.py::test_register_trade_updates_drawdown PASSED [ 35%]
tests/scripts/test_cli_parsers.py::test_dev_run_parser_basic_args PASSED [ 35%]
tests/scripts/test_cli_parsers.py::test_dev_run_parser_invalid_service PASSED [ 36%]
tests/scripts/test_cli_parsers.py::test_dev_run_parser_config_file PASSED [ 36%]
tests/scripts/test_cli_parsers.py::test_dev_run_parser_parallel_flag PASSED [ 36%]
tests/scripts/test_cli_parsers.py::test_dev_run_parser_log_file PASSED   [ 36%]
tests/scripts/test_cli_parsers.py::test_dev_run_parser_debug_flag PASSED [ 36%]
tests/scripts/test_cli_parsers.py::test_dev_run_parser_reload_flag PASSED [ 37%]
tests/scripts/test_cli_parsers.py::test_dev_run_parser_timeout_option PASSED [ 37%]
tests/scripts/test_cli_parsers.py::test_dev_run_parser_help_text PASSED  [ 37%]
tests/scripts/test_cli_parsers.py::test_dev_run_parser_version PASSED    [ 37%]
tests/scripts/test_cli_parsers.py::test_dev_run_parser_verbose_mode PASSED [ 37%]
tests/scripts/test_cli_parsers.py::test_dev_run_parser_quiet_mode PASSED [ 38%]
tests/scripts/test_cli_parsers.py::test_dev_run_parser_combined_flags PASSED [ 38%]
tests/scripts/test_cli_parsers.py::test_dev_run_parser_environment_override PASSED [ 38%]
tests/scripts/test_cli_parsers.py::test_dev_run_parser_custom_port PASSED [ 38%]
tests/scripts/test_cli_parsers.py::test_dev_run_parser_invalid_port PASSED [ 38%]
tests/scripts/test_cli_parsers.py::test_dev_run_parser_file_not_found PASSED [ 39%]
tests/scripts/test_cli_parsers.py::test_dev_run_parser_permission_denied PASSED [ 39%]
tests/scripts/test_cli_parsers.py::test_dev_run_parser_output_format PASSED [ 39%]
tests/scripts/test_cli_parsers.py::test_dev_run_parser_dry_run PASSED    [ 39%]
tests/scripts/test_cli_parsers.py::test_dev_run_parser_force_restart PASSED [ 40%]
tests/scripts/test_cli_parsers.py::test_dev_run_parser_error_recovery PASSED [ 40%]
tests/scripts/test_cli_parsers.py::test_dev_run_parser_interrupt_handling PASSED [ 40%]
tests/scripts/test_cli_parsers.py::test_dev_run_parser_resource_limits PASSED [ 40%]
tests/scripts/test_cli_parsers.py::test_dev_run_parser_plugin_loading PASSED [ 40%]
tests/scripts/test_cli_parsers.py::test_dev_run_parser_custom_command PASSED [ 41%]
tests/scripts/test_cli_parsers.py::test_dev_run_parser_subcommand_parsing PASSED [ 41%]
tests/scripts/test_cli_parsers.py::test_dev_run_parser_secure_flags PASSED [ 41%]
tests/scripts/test_cli_parsers.py::test_dev_run_parser_authentication PASSED [ 41%]
tests/scripts/test_cli_parsers.py::test_dev_run_parser_encryption PASSED [ 41%]
tests/scripts/test_cli_parsers.py::test_dev_run_parser_performance_flags PASSED [ 42%]
tests/scripts/test_cli_parsers.py::test_dev_run_parser_monitoring PASSED [ 42%]
tests/scripts/test_cli_parsers.py::test_dev_run_parser_logging_config PASSED [ 42%]
tests/scripts/test_cli_parsers.py::test_dev_run_parser_user_friendly_errors PASSED [ 42%]
tests/scripts/test_cli_parsers.py::test_dev_run_parser_auto_completion PASSED [ 42%]
tests/scripts/test_cli_parsers.py::test_dev_run_parser_alert_system PASSED [ 43%]
tests/scripts/test_cli_parsers.py::test_dev_run_parser_notification_system PASSED [ 43%]
tests/scripts/test_cli_parsers.py::test_dev_run_parser_log_aggregation PASSED [ 43%]
tests/scripts/test_cli_parsers.py::test_dev_run_parser_log_analysis PASSED [ 43%]
tests/scripts/test_cli_parsers.py::test_dev_run_parser_log_visualization PASSED [ 43%]
tests/scripts/test_cli_parsers.py::test_dev_run_parser_backup PASSED     [ 44%]
tests/scripts/test_cli_parsers.py::test_dev_run_parser_restore PASSED    [ 44%]
tests/scripts/test_cli_parsers.py::test_dev_run_parser_disaster_recovery PASSED [ 44%]
tests/scripts/test_cli_parsers.py::test_dev_run_parser_horizontal_scaling PASSED [ 44%]
tests/scripts/test_cli_parsers.py::test_dev_run_parser_vertical_scaling PASSED [ 44%]
tests/scripts/test_cli_parsers.py::test_dev_run_parser_auto_scaling PASSED [ 45%]
tests/scripts/test_cli_parsers.py::test_dev_run_parser_redundancy PASSED [ 45%]
tests/scripts/test_cli_parsers.py::test_dev_run_parser_failover PASSED   [ 45%]
tests/scripts/test_cli_parsers.py::test_dev_run_parser_health_check PASSED [ 45%]
tests/scripts/test_cli_parsers.py::test_dev_run_parser_resource_optimization PASSED [ 45%]
tests/scripts/test_cli_parsers.py::test_dev_run_parser_performance_tuning PASSED [ 46%]
tests/scripts/test_cli_parsers.py::test_dev_run_parser_cache_management PASSED [ 46%]
tests/scripts/test_cli_parsers.py::test_dev_run_parser_api_gateway PASSED [ 46%]
tests/scripts/test_cli_parsers.py::test_dev_run_parser_service_mesh PASSED [ 46%]
tests/scripts/test_cli_parsers.py::test_dev_run_parser_microservices PASSED [ 46%]
tests/scripts/test_cli_parsers.py::test_dev_run_parser_encryption_at_rest PASSED [ 47%]
tests/scripts/test_cli_parsers.py::test_dev_run_parser_encryption_in_transit PASSED [ 47%]
tests/scripts/test_cli_parsers.py::test_dev_run_parser_access_control PASSED [ 47%]
tests/scripts/test_cli_parsers.py::test_dev_run_parser_gdpr_compliance PASSED [ 47%]
tests/scripts/test_cli_parsers.py::test_dev_run_parser_hipaa_compliance PASSED [ 47%]
tests/scripts/test_cli_parsers.py::test_dev_run_parser_soc2_compliance PASSED [ 48%]
tests/scripts/test_cli_parsers.py::test_dev_run_parser_user_analytics PASSED [ 48%]
tests/scripts/test_cli_parsers.py::test_dev_run_parser_business_intelligence PASSED [ 48%]
tests/scripts/test_dev_run_entrypoints.py::test_dev_run_backend_entrypoint FAILED [ 48%]
tests/scripts/test_dev_run_entrypoints.py::test_dev_run_ingestion_entrypoint FAILED [ 48%]
tests/scripts/test_dev_run_entrypoints.py::test_dev_run_engine_entrypoint FAILED [ 49%]
tests/scripts/test_dev_run_entrypoints.py::test_dev_run_invalid_service PASSED [ 49%]
tests/scripts/test_dev_run_entrypoints.py::test_dev_run_with_config_file FAILED [ 49%]
tests/scripts/test_dev_run_entrypoints.py::test_dev_run_environment_variables FAILED [ 49%]
tests/scripts/test_dev_run_entrypoints.py::test_dev_run_shutdown_signal_handling FAILED [ 50%]
tests/scripts/test_dev_run_entrypoints.py::test_dev_run_process_monitoring FAILED [ 50%]
tests/scripts/test_dev_run_entrypoints.py::test_dev_run_log_file_output FAILED [ 50%]
tests/scripts/test_dev_run_entrypoints.py::test_dev_run_multiple_services FAILED [ 50%]
tests/scripts/test_dev_run_entrypoints.py::test_dev_run_dependency_check FAILED [ 50%]
tests/scripts/test_dev_run_entrypoints.py::test_dev_run_dependency_failure FAILED [ 51%]
tests/scripts/test_dev_run_entrypoints.py::test_dev_run_health_check FAILED [ 51%]
tests/scripts/test_dev_run_entrypoints.py::test_dev_run_health_check_timeout FAILED [ 51%]
tests/scripts/test_dev_run_entrypoints.py::test_dev_run_reload_on_file_change FAILED [ 51%]
tests/scripts/test_dev_run_entrypoints.py::test_dev_run_debug_mode FAILED [ 51%]
tests/scripts/test_dev_run_entrypoints.py::test_dev_run_profile_mode FAILED [ 52%]
tests/scripts/test_dev_run_entrypoints.py::test_dev_run_with_custom_python_path FAILED [ 52%]
tests/scripts/test_dev_run_entrypoints.py::test_dev_run_service_discovery FAILED [ 52%]
tests/scripts/test_dev_run_entrypoints.py::test_dev_run_cleanup_on_exit FAILED [ 52%]
tests/strategies/regression/test_ema_crossover_regression.py::test_regression_triggers_buy_then_flat FAILED [ 52%]
tests/strategies/regression/test_portfolio_regression.py::test_validate_strategy_returns_metrics PASSED [ 53%]
tests/strategies/test_ema_crossover_unit.py::test_strategy_emits_buy_and_sell_signals PASSED [ 53%]
tests/strategies/test_ema_crossover_unit.py::test_strategy_ignores_other_symbols PASSED [ 53%]
tests/strategies/test_mean_reversion_unit.py::test_mean_reversion_enters_and_exits PASSED [ 53%]
tests/strategies/test_options_spread_unit.py::test_option_writing_requires_extra_margin PASSED [ 53%]
tests/strategies/test_risk_overrides.py::test_validate_order_rejects_when_margin_missing FAILED [ 54%]
tests/strategies/test_risk_overrides.py::test_reduce_position_allowed_when_limit_reached PASSED [ 54%]
tests/test_api_market_data.py::TestHealthEndpoints::test_health_check FAILED [ 54%]
tests/test_api_market_data.py::TestHealthEndpoints::test_healthz_alias FAILED [ 54%]
tests/test_api_market_data.py::TestHealthEndpoints::test_readiness_check_success FAILED [ 54%]
tests/test_api_market_data.py::TestHealthEndpoints::test_readiness_check_failure FAILED [ 55%]
tests/test_api_market_data.py::TestHealthEndpoints::test_readyz_alias FAILED [ 55%]
tests/test_api_market_data.py::TestMetricsEndpoint::test_get_metrics FAILED [ 55%]
tests/test_api_market_data.py::TestCandlesEndpoint::test_get_candles_success FAILED [ 55%]
tests/test_api_market_data.py::TestCandlesEndpoint::test_get_candles_no_data FAILED [ 55%]
tests/test_api_market_data.py::TestCandlesEndpoint::test_get_candles_db_error PASSED [ 56%]
tests/test_api_market_data.py::TestCandlesEndpoint::test_get_candles_missing_symbol FAILED [ 56%]
tests/test_api_market_data.py::TestCandlesEndpoint::test_get_candles_invalid_limit FAILED [ 56%]
tests/test_api_market_data.py::TestSymbolsEndpoint::test_get_symbols_success FAILED [ 56%]
tests/test_api_market_data.py::TestSymbolsEndpoint::test_get_symbols_empty FAILED [ 56%]
tests/test_api_market_data.py::TestSymbolsEndpoint::test_get_symbols_db_error FAILED [ 57%]
tests/test_api_market_data.py::TestAuthEndpoints::test_register_success PASSED [ 57%]
tests/test_api_market_data.py::TestAuthEndpoints::test_register_existing_user PASSED [ 57%]
tests/test_api_market_data.py::TestAuthEndpoints::test_register_invalid_email FAILED [ 57%]
tests/test_api_market_data.py::TestAuthEndpoints::test_register_weak_password FAILED [ 57%]
tests/test_api_market_data.py::TestAuthEndpoints::test_login_success PASSED [ 58%]
tests/test_api_market_data.py::TestAuthEndpoints::test_login_invalid_credentials PASSED [ 58%]
tests/test_api_market_data.py::TestAuthEndpoints::test_logout FAILED     [ 58%]
tests/test_api_market_data.py::TestIntegration::test_full_workflow FAILED [ 58%]
tests/test_config_loading.py::test_settings_loading_with_env_vars PASSED [ 58%]
tests/test_config_loading.py::test_database_url_construction FAILED      [ 59%]
tests/test_config_loading.py::test_database_url_fallback_to_sqlite FAILED [ 59%]
tests/test_config_loading.py::test_broker_config_loading FAILED          [ 59%]
tests/test_config_loading.py::test_risk_config_loading PASSED            [ 59%]
tests/test_config_loading.py::test_feature_flags_loading FAILED          [ 60%]
tests/test_config_loading.py::test_config_validation FAILED              [ 60%]
tests/test_config_loading.py::test_config_from_env_file FAILED           [ 60%]
tests/test_ema_crossover_strategy.py::test_strategy_initializes_defaults FAILED [ 60%]
tests/test_ema_crossover_strategy.py::test_strategy_emits_buy_and_sell_on_crossovers FAILED [ 60%]
tests/test_ema_crossover_strategy.py::test_strategy_returns_none_when_no_crossover FAILED [ 61%]
tests/test_ema_crossover_strategy.py::test_ema_values_progress_over_time FAILED [ 61%]
tests/test_ema_strategy.py::test_ema_crossover_emits_signals_on_cross FAILED [ 61%]
tests/test_env_modes.py::test_finbot_mode_valid_values FAILED            [ 61%]
tests/test_env_modes.py::test_finbot_mode_invalid_value_raises_error FAILED [ 61%]
tests/test_env_modes.py::test_live_mode_requires_confirmation FAILED     [ 62%]
tests/test_env_modes.py::test_env_file_loading FAILED                    [ 62%]
tests/test_env_modes.py::test_safety_audit_script FAILED                 [ 62%]
tests/test_execution_brokers.py::test_mock_broker_fills_market_orders PASSED [ 62%]
tests/test_execution_brokers.py::test_mock_broker_cancel PASSED          [ 62%]
tests/test_full_pipeline.py::test_full_pipeline_intraday_ema_with_mock_broker FAILED [ 63%]
tests/test_health_endpoints.py::test_health_endpoint_returns_200 PASSED  [ 63%]
tests/test_health_endpoints.py::test_health_endpoint_includes_service_status PASSED [ 63%]
tests/test_health_endpoints.py::test_health_endpoint_includes_database_status PASSED [ 63%]
tests/test_health_endpoints.py::test_health_endpoint_includes_external_apis PASSED [ 63%]
tests/test_health_endpoints.py::test_health_endpoint_degraded_when_services_unhealthy PASSED [ 64%]
tests/test_health_endpoints.py::test_ready_endpoint_alias FAILED         [ 64%]
tests/test_health_endpoints.py::test_live_endpoint_alias FAILED          [ 64%]
tests/test_health_endpoints.py::test_api_health_endpoint FAILED          [ 64%]
tests/test_health_endpoints.py::test_health_endpoint_handles_database_connection_failure PASSED [ 64%]
tests/test_health_endpoints.py::test_health_endpoint_handles_external_api_timeout PASSED [ 65%]
tests/test_health_endpoints.py::test_health_endpoint_version_info PASSED [ 65%]
tests/test_health_endpoints.py::test_health_endpoint_timestamp_format FAILED [ 65%]
tests/test_health_endpoints.py::test_health_endpoint_cache_dependency_check FAILED [ 65%]
tests/test_health_endpoints.py::test_health_endpoint_with_missing_services PASSED [ 65%]
tests/test_ingestion_candles.py::test_normalize_to_candles_orders_and_filters_future PASSED [ 66%]
tests/test_ingestion_candles.py::test_normalize_handles_empty_and_duplicates PASSED [ 66%]
tests/test_ingestion_candles.py::test_normalize_rejects_missing_fields PASSED [ 66%]
tests/test_llm_signal_parsing.py::test_llm_signal_model_accepts_valid_payload PASSED [ 66%]
tests/test_llm_signal_parsing.py::test_llm_signal_model_rejects_invalid_values PASSED [ 66%]
tests/test_llm_signal_parsing.py::test_signal_ai_parses_json_and_handles_bad_output PASSED [ 67%]
tests/test_logging_and_metrics.py::test_metrics_endpoint_returns_valid_json FAILED [ 67%]
tests/test_logging_and_metrics.py::test_metrics_endpoint_includes_uptime FAILED [ 67%]
tests/test_logging_and_metrics.py::test_metrics_endpoint_includes_trade_stream_info FAILED [ 67%]
tests/test_logging_and_metrics.py::test_metrics_endpoint_includes_dependencies_health FAILED [ 67%]
tests/test_logging_and_metrics.py::test_logs_endpoint_returns_structured_logs FAILED [ 68%]
tests/test_logging_and_metrics.py::test_logs_endpoint_filters_by_level FAILED [ 68%]
tests/test_logging_and_metrics.py::test_logs_endpoint_limits_results FAILED [ 68%]
tests/test_logging_and_metrics.py::test_logs_endpoint_pagination_with_since_until FAILED [ 68%]
tests/test_logging_and_metrics.py::test_logs_endpoint_masks_sensitive_data FAILED [ 68%]
tests/test_logging_and_metrics.py::test_logs_endpoint_handles_missing_log_file FAILED [ 69%]
tests/test_logging_and_metrics.py::test_logs_endpoint_handles_corrupt_log_file FAILED [ 69%]
tests/test_logging_and_metrics.py::test_logger_service_metrics_collection PASSED [ 69%]
tests/test_logging_and_metrics.py::test_prometheus_metrics_format PASSED [ 69%]
tests/test_risk_engine.py::test_daily_loss_circuit_breaker_blocks_orders PASSED [ 70%]
tests/test_risk_engine.py::test_max_open_positions_enforced PASSED       [ 70%]
tests/test_risk_engine.py::test_position_size_for_risk_respects_lot_size PASSED [ 70%]
tests/test_risk_engine.py::test_margin_check_blocks_when_insufficient PASSED [ 70%]
tests/test_risk_manager.py::test_circuit_breaker_triggers_and_rejects PASSED [ 70%]
tests/test_risk_manager.py::test_max_open_positions_rejects_new_open PASSED [ 71%]
tests/test_risk_manager.py::test_position_size_for_risk_calculates_expected PASSED [ 71%]
tests/test_risk_manager.py::test_margin_rejects_when_required_exceeds_available PASSED [ 71%]
tests/test_stock_scraper.py::test_detects_volume_spike_anomaly FAILED    [ 71%]
tests/trading_engine/test_backtest_runner.py::test_run_backtest_produces_result FAILED [ 71%]
tests/trading_engine/test_live_safety_guards.py::test_volatility_adjustment_clamps_multiplier PASSED [ 72%]
tests/trading_engine/test_live_safety_guards.py::test_trading_halt_flag PASSED [ 72%]
tests/trading_engine/test_live_safety_guards.py::test_circuit_breaker_opens_after_failures FAILED [ 72%]
tests/trading_engine/test_order_lifecycle.py::test_market_buy_order_reduces_cash PASSED [ 72%]
tests/trading_engine/test_order_lifecycle.py::test_sell_rejected_without_position PASSED [ 72%]
tests/trading_engine/test_paper_engine_adapter.py::test_get_paper_engine_is_user_scoped PASSED [ 73%]
tests/trading_engine/test_paper_engine_adapter.py::test_reset_portfolio_clears_state PASSED [ 73%]
tests/trading_engine/test_position_accounting.py::test_update_position_and_portfolio_value PASSED [ 73%]
tests/trading_engine/test_position_accounting.py::test_position_size_limit_breach_flags_risk PASSED [ 73%]
tests/trading_engine/test_signal_bus.py::test_strategy_manager_executes_loaded_strategy PASSED [ 73%]
tests/trading_engine/test_signal_bus.py::test_get_signal_strength_thresholds PASSED [ 74%]
tests/trading_engine/test_slippage_and_fees.py::test_execute_trade_applies_slippage_and_commission PASSED [ 74%]
tests/trading_engine/test_slippage_and_fees.py::test_sell_trade_using_slippage_discount PASSED [ 74%]
tests/unit/test_adapters.py::TestYFinanceAdapter::test_fetch_historical_data_success FAILED [ 74%]
tests/unit/test_adapters.py::TestYFinanceAdapter::test_fetch_historical_data_error FAILED [ 74%]
tests/unit/test_adapters.py::TestYFinanceAdapter::test_realtime_connect_not_implemented FAILED [ 75%]
tests/unit/test_adapters.py::TestYFinanceAdapter::test_normalize_data PASSED [ 75%]
tests/unit/test_adapters.py::TestAlphaVantageAdapter::test_fetch_historical_data_daily FAILED [ 75%]
tests/unit/test_adapters.py::TestAlphaVantageAdapter::test_fetch_historical_data_intraday FAILED [ 75%]
tests/unit/test_adapters.py::TestAlphaVantageAdapter::test_fetch_historical_data_error FAILED [ 75%]
tests/unit/test_adapters.py::TestAlphaVantageAdapter::test_realtime_connect_not_implemented FAILED [ 76%]
tests/unit/test_adapters.py::TestAlphaVantageAdapter::test_context_manager FAILED [ 76%]
tests/unit/test_adapters.py::TestKiteWebSocketAdapter::test_authenticate ERROR [ 76%]
tests/unit/test_adapters.py::TestKiteWebSocketAdapter::test_subscribe ERROR [ 76%]
tests/unit/test_adapters.py::TestKiteWebSocketAdapter::test_context_manager ERROR [ 76%]
tests/unit/test_adapters.py::TestKiteWebSocketAdapter::test_process_message_tick ERROR [ 77%]
tests/unit/test_ai_pipeline.py::test_pipeline_blocks_jailbreak FAILED    [ 77%]
tests/unit/test_ai_pipeline.py::test_pipeline_returns_grounded_answer FAILED [ 77%]
tests/unit/test_ai_safety.py::test_safety_filter_blocks_overconfident_low_confidence_response PASSED [ 77%]
tests/unit/test_ai_safety.py::test_safety_filter_detects_unsafe_language PASSED [ 77%]
tests/unit/test_ai_safety.py::test_process_prompt_propagates_disclaimer_in_mock_mode PASSED [ 78%]
tests/unit/test_backtester_event_engine.py::test_event_backtester_runs_with_costs PASSED [ 78%]
tests/unit/test_backtester_event_engine.py::test_walk_forward_runner_yields_multiple_windows PASSED [ 78%]
tests/unit/test_cli.py::TestBackfillCommand::test_backfill_with_symbols FAILED [ 78%]
tests/unit/test_cli.py::TestBackfillCommand::test_backfill_with_csv FAILED [ 78%]
tests/unit/test_cli.py::TestBackfillCommand::test_backfill_no_symbols FAILED [ 79%]
tests/unit/test_cli.py::TestRealtimeCommand::test_realtime_with_mock_provider FAILED [ 79%]
tests/unit/test_cli.py::TestMigrateCommand::test_migrate_success FAILED  [ 79%]
tests/unit/test_cli.py::TestLoadSymbolsFromCSV::test_load_symbols_from_csv_success PASSED [ 79%]
tests/unit/test_cli.py::TestLoadSymbolsFromCSV::test_load_symbols_from_csv_invalid_file PASSED [ 80%]
tests/unit/test_cli.py::TestLoadSymbolsFromCSV::test_load_symbols_from_csv_empty_file PASSED [ 80%]
tests/unit/test_env_utils.py::test_expand_env_vars_replaces_nested_placeholders PASSED [ 80%]
tests/unit/test_env_utils.py::test_expand_env_vars_supports_default PASSED [ 80%]
tests/unit/test_env_utils.py::test_expand_env_vars_preserves_placeholder_when_missing PASSED [ 80%]
tests/unit/test_env_utils.py::test_expand_env_vars_handles_path_objects PASSED [ 81%]
tests/unit/test_indicators.py::TestRSI::test_rsi_calculation PASSED      [ 81%]
tests/unit/test_indicators.py::TestRSI::test_rsi_insufficient_data PASSED [ 81%]
tests/unit/test_indicators.py::TestRSI::test_rsi_signal_generation PASSED [ 81%]
tests/unit/test_indicators.py::TestMACD::test_macd_calculation PASSED    [ 81%]
tests/unit/test_indicators.py::TestMACD::test_macd_insufficient_data PASSED [ 82%]
tests/unit/test_indicators.py::TestMACD::test_macd_signal_generation PASSED [ 82%]
tests/unit/test_indicators.py::TestBollingerBands::test_bb_calculation PASSED [ 82%]
tests/unit/test_indicators.py::TestBollingerBands::test_bb_signal_generation PASSED [ 82%]
tests/unit/test_indicators.py::TestSMA::test_sma_calculation PASSED      [ 82%]
tests/unit/test_indicators.py::TestSMA::test_sma_insufficient_data PASSED [ 83%]
tests/unit/test_indicators.py::TestEMA::test_ema_calculation PASSED      [ 83%]
tests/unit/test_indicators.py::TestStochasticOscillator::test_stoch_calculation PASSED [ 83%]
tests/unit/test_indicators.py::TestWilliamsR::test_williams_calculation PASSED [ 83%]
tests/unit/test_indicators.py::TestCCI::test_cci_calculation PASSED      [ 83%]
tests/unit/test_indicators.py::TestADX::test_adx_calculation PASSED      [ 84%]
tests/unit/test_indicators.py::TestATR::test_atr_calculation PASSED      [ 84%]
tests/unit/test_indicators.py::TestVWAP::test_vwap_calculation PASSED    [ 84%]
tests/unit/test_ingest_risk_strategy_llm.py::test_historical_loader_filters_by_dates PASSED [ 84%]
tests/unit/test_ingest_risk_strategy_llm.py::test_risk_manager_blocks_after_daily_loss PASSED [ 84%]
tests/unit/test_ingest_risk_strategy_llm.py::test_ema_crossover_emits_buy_and_flat PASSED [ 85%]
tests/unit/test_ingest_risk_strategy_llm.py::test_signal_ai_parses_valid_llm_json PASSED [ 85%]
tests/unit/test_ingest_risk_strategy_llm.py::test_signal_ai_falls_back_on_parse_error PASSED [ 85%]
tests/unit/test_logging_manager.py::test_read_logs_raises_when_missing PASSED [ 85%]
tests/unit/test_logging_manager.py::test_read_logs_raises_when_unreadable PASSED [ 85%]
tests/unit/test_models.py::test_candle_creation PASSED                   [ 86%]
tests/unit/test_models.py::test_candle_values_are_numeric PASSED         [ 86%]
tests/unit/test_models.py::test_candle_symbol_is_string PASSED           [ 86%]
tests/unit/test_models.py::test_candle_provider_is_string PASSED         [ 86%]
tests/unit/test_models.py::test_candle_meta_is_dict PASSED               [ 86%]
tests/unit/test_normalizer.py::TestDataNormalizer::test_normalize_trade_success PASSED [ 87%]
tests/unit/test_normalizer.py::TestDataNormalizer::test_normalize_trade_missing_required_fields PASSED [ 87%]
tests/unit/test_normalizer.py::TestDataNormalizer::test_normalize_trade_invalid_data PASSED [ 87%]
tests/unit/test_normalizer.py::TestDataNormalizer::test_normalize_quote_success PASSED [ 87%]
tests/unit/test_normalizer.py::TestDataNormalizer::test_normalize_quote_with_none_values PASSED [ 87%]
tests/unit/test_normalizer.py::TestDataNormalizer::test_normalize_candle_success PASSED [ 88%]
tests/unit/test_normalizer.py::TestDataNormalizer::test_normalize_trades_batch PASSED [ 88%]
tests/unit/test_normalizer.py::TestDataNormalizer::test_normalize_quotes_batch PASSED [ 88%]
tests/unit/test_normalizer.py::TestDataNormalizer::test_normalize_candles_batch PASSED [ 88%]
tests/unit/test_phase4_trading_engine.py::test_risk_manager_resizes_orders PASSED [ 88%]
tests/unit/test_phase4_trading_engine.py::test_strategy_circuit_breaker_triggers_on_losses PASSED [ 89%]
tests/unit/test_phase4_trading_engine.py::test_backtest_runs_with_ema_strategy PASSED [ 89%]
tests/unit/test_project_report.py::test_parse_tasks_with_sections PASSED [ 89%]
tests/unit/test_project_report.py::test_build_report_includes_summary_and_pending_items PASSED [ 89%]
tests/unit/test_storage.py::TestDataStorage::test_connect_sqlite FAILED  [ 90%]
tests/unit/test_storage.py::TestDataStorage::test_create_tables ERROR    [ 90%]
tests/unit/test_storage.py::TestDataStorage::test_insert_candle ERROR    [ 90%]
tests/unit/test_storage.py::TestDataStorage::test_insert_duplicate_candle ERROR [ 90%]
tests/unit/test_storage.py::TestDataStorage::test_fetch_last_n_candles ERROR [ 90%]
tests/unit/test_storage.py::TestDataStorage::test_fetch_last_n_candles_empty ERROR [ 91%]
tests/unit/test_storage.py::TestDataStorage::test_fetch_last_n_candles_different_symbols ERROR [ 91%]
tests/unit/test_storage.py::TestDataStorage::test_health_check_success ERROR [ 91%]
tests/unit/test_storage.py::TestDataStorage::test_health_check_failure FAILED [ 91%]
tests/unit/test_storage.py::TestDataStorage::test_disconnect FAILED      [ 91%]
tests/unit/test_tick_aggregator.py::test_candle_aggregation_emits_expected_payloads FAILED [ 92%]
tests/unit/test_time_utils.py::TestTimeUtils::test_generate_time_chunks PASSED [ 92%]
tests/unit/test_time_utils.py::TestTimeUtils::test_generate_time_chunks_single_chunk PASSED [ 92%]
tests/unit/test_time_utils.py::TestTimeUtils::test_align_to_granularity_minutes PASSED [ 92%]
tests/unit/test_time_utils.py::TestTimeUtils::test_align_to_granularity_zero PASSED [ 92%]
tests/unit/test_time_utils.py::TestTimeUtils::test_get_candle_bucket_start_minute PASSED [ 93%]
tests/unit/test_time_utils.py::TestTimeUtils::test_get_candle_bucket_start_hour PASSED [ 93%]
tests/unit/test_time_utils.py::TestTimeUtils::test_get_candle_bucket_start_day PASSED [ 93%]
tests/unit/test_time_utils.py::TestTimeUtils::test_get_candle_bucket_start_invalid_granularity PASSED [ 93%]
tests/unit/test_time_utils.py::TestTimeUtils::test_parse_granularity_minutes PASSED [ 93%]
tests/unit/test_time_utils.py::TestTimeUtils::test_parse_granularity_hours PASSED [ 94%]
tests/unit/test_time_utils.py::TestTimeUtils::test_parse_granularity_days PASSED [ 94%]
tests/unit/test_time_utils.py::TestTimeUtils::test_parse_granularity_invalid PASSED [ 94%]
tests/unit/test_time_utils.py::TestTimeUtils::test_is_market_hours_weekday_during_hours PASSED [ 94%]
tests/unit/test_time_utils.py::TestTimeUtils::test_is_market_hours_weekend PASSED [ 94%]
tests/unit/test_time_utils.py::TestTimeUtils::test_is_market_hours_before_open PASSED [ 95%]
tests/unit/test_time_utils.py::TestTimeUtils::test_is_market_hours_after_close PASSED [ 95%]
tests/unit/test_trading_engine.py::TestStrategyManager::test_activate_deactivate_strategy PASSED [ 95%]
tests/unit/test_trading_engine.py::TestStrategyManager::test_execute_strategy PASSED [ 95%]
tests/unit/test_trading_engine.py::TestStrategyManager::test_load_strategy PASSED [ 95%]
tests/unit/test_trading_engine.py::TestAdaptiveRSIMACDStrategy::test_initialization PASSED [ 96%]
tests/unit/test_trading_engine.py::TestAdaptiveRSIMACDStrategy::test_rsi_calculation PASSED [ 96%]
tests/unit/test_trading_engine.py::TestAdaptiveRSIMACDStrategy::test_signal_generation PASSED [ 96%]
tests/unit/test_trading_engine.py::TestPortfolioManager::test_initialization PASSED [ 96%]
tests/unit/test_trading_engine.py::TestPortfolioManager::test_portfolio_value_calculation PASSED [ 96%]
tests/unit/test_trading_engine.py::TestPortfolioManager::test_risk_limits PASSED [ 97%]
tests/unit/test_trading_engine.py::TestPortfolioManager::test_update_position PASSED [ 97%]
tests/unit/test_trading_engine.py::TestBacktester::test_initialization PASSED [ 97%]
tests/unit/test_trading_engine.py::TestBacktester::test_run_backtest PASSED [ 97%]
tests/unit/test_trading_engine.py::TestLiveTradingEngine::test_calculate_position_size PASSED [ 97%]
tests/unit/test_trading_engine.py::TestLiveTradingEngine::test_check_signal_risk_limits PASSED [ 98%]
tests/unit/test_trading_engine.py::TestLiveTradingEngine::test_generate_mock_data PASSED [ 98%]
tests/unit/test_trading_engine.py::TestLiveTradingEngine::test_get_engine_status PASSED [ 98%]
tests/unit/test_trading_engine.py::TestLiveTradingEngine::test_get_execution_history PASSED [ 98%]
tests/unit/test_trading_engine.py::TestLiveTradingEngine::test_initialization PASSED [ 98%]
tests/unit/test_trading_engine.py::TestStructuredLogger::test_log_entry PASSED [ 99%]
tests/unit/test_trading_engine.py::TestStructuredLogger::test_performance_logging PASSED [ 99%]
tests/unit/test_trading_engine.py::TestIntegration::test_error_handling PASSED [ 99%]
tests/unit/test_trading_engine.py::TestIntegration::test_live_engine_data_flow PASSED [ 99%]
tests/unit/test_trading_engine.py::TestIntegration::test_strategy_to_portfolio_integration PASSED [100%]

==================================== ERRORS ====================================
________ ERROR at teardown of test_paper_trading_edge_cases_and_errors _________
tests/e2e/test_paper_trading_e2e.py:29: in client
    with TestClient(app) as test_client:
/home/mohit/.local/lib/python3.12/site-packages/starlette/testclient.py:756: in __exit__
    self.exit_stack.close()
/usr/lib/python3.12/contextlib.py:618: in close
    self.__exit__(None, None, None)
/usr/lib/python3.12/contextlib.py:610: in __exit__
    raise exc_details[1]
/usr/lib/python3.12/contextlib.py:595: in __exit__
    if cb(*exc_details):
       ^^^^^^^^^^^^^^^^
/usr/lib/python3.12/contextlib.py:478: in _exit_wrapper
    callback(*args, **kwds)
/home/mohit/.local/lib/python3.12/site-packages/starlette/testclient.py:749: in wait_shutdown
    portal.call(self.wait_shutdown)
/home/mohit/.local/lib/python3.12/site-packages/anyio/from_thread.py:277: in call
    return cast(T_Retval, self.start_task_soon(func, *args).result())
                          ^^^^^^^^^^^^^^^^^^^^^^^^^^^^^^^^^^^^^^^^^^
/usr/lib/python3.12/concurrent/futures/_base.py:456: in result
    return self.__get_result()
           ^^^^^^^^^^^^^^^^^^^
/usr/lib/python3.12/concurrent/futures/_base.py:401: in __get_result
    raise self._exception
/home/mohit/.local/lib/python3.12/site-packages/anyio/from_thread.py:217: in _call_func
    retval = await retval
             ^^^^^^^^^^^^
/home/mohit/.local/lib/python3.12/site-packages/starlette/testclient.py:797: in wait_shutdown
    await receive()
/home/mohit/.local/lib/python3.12/site-packages/starlette/testclient.py:786: in receive
    self.task.result()
/usr/lib/python3.12/concurrent/futures/_base.py:449: in result
    return self.__get_result()
           ^^^^^^^^^^^^^^^^^^^
/usr/lib/python3.12/concurrent/futures/_base.py:401: in __get_result
    raise self._exception
/home/mohit/.local/lib/python3.12/site-packages/anyio/from_thread.py:217: in _call_func
    retval = await retval
             ^^^^^^^^^^^^
/home/mohit/.local/lib/python3.12/site-packages/starlette/testclient.py:761: in lifespan
    await self.app(scope, self.stream_receive.receive, self.stream_send.send)
/home/mohit/.local/lib/python3.12/site-packages/fastapi/applications.py:1106: in __call__
    await super().__call__(scope, receive, send)
/home/mohit/.local/lib/python3.12/site-packages/starlette/applications.py:122: in __call__
    await self.middleware_stack(scope, receive, send)
/home/mohit/.local/lib/python3.12/site-packages/starlette/middleware/errors.py:149: in __call__
    await self.app(scope, receive, send)
/home/mohit/.local/lib/python3.12/site-packages/starlette/middleware/base.py:26: in __call__
    await self.app(scope, receive, send)
/home/mohit/.local/lib/python3.12/site-packages/starlette/middleware/cors.py:75: in __call__
    await self.app(scope, receive, send)
/home/mohit/.local/lib/python3.12/site-packages/starlette/middleware/base.py:26: in __call__
    await self.app(scope, receive, send)
/home/mohit/.local/lib/python3.12/site-packages/starlette/middleware/exceptions.py:55: in __call__
    await self.app(scope, receive, send)
/home/mohit/.local/lib/python3.12/site-packages/fastapi/middleware/asyncexitstack.py:20: in __call__
    raise e
/home/mohit/.local/lib/python3.12/site-packages/fastapi/middleware/asyncexitstack.py:17: in __call__
    await self.app(scope, receive, send)
/home/mohit/.local/lib/python3.12/site-packages/starlette/routing.py:707: in __call__
    await self.lifespan(scope, receive, send)
/home/mohit/.local/lib/python3.12/site-packages/starlette/routing.py:677: in lifespan
    async with self.lifespan_context(app) as maybe_state:
/usr/lib/python3.12/contextlib.py:217: in __aexit__
    await anext(self.gen)
backend/api/main.py:170: in lifespan
    await scheduler.stop()
backend/core/news_pipeline.py:347: in stop
    await self._task
backend/core/news_pipeline.py:357: in _run_loop
    await asyncio.wait_for(self._stop_event.wait(), timeout=wait_seconds)
/usr/lib/python3.12/asyncio/tasks.py:520: in wait_for
    return await fut
           ^^^^^^^^^
/usr/lib/python3.12/asyncio/locks.py:209: in wait
    fut = self._get_loop().create_future()
          ^^^^^^^^^^^^^^^^
/usr/lib/python3.12/asyncio/mixins.py:20: in _get_loop
    raise RuntimeError(f'{self!r} is bound to a different event loop')
E   RuntimeError: <asyncio.locks.Event object at 0x77681c447ec0 [unset]> is bound to a different event loop
---------------------------- Captured stdout setup -----------------------------
2025-12-06 15:20:43 | INFO | backend.core.news_pipeline | News publishing scheduler started | trace_id=-
------------------------------ Captured log setup ------------------------------
INFO     backend.core.news_pipeline:news_pipeline.py:342 News publishing scheduler started
----------------------------- Captured stdout call -----------------------------
2025-12-06 15:20:43 | WARNING | backend.api.main | Slow response /api/auth/login: 239.39ms | trace_id=-
2025-12-06 15:20:43 | INFO | httpx | HTTP Request: POST http://testserver/api/auth/login "HTTP/1.1 200 OK" | trace_id=-
2025-12-06 15:20:43 | INFO | trading_engine.paper_trading | Paper trading portfolio reset with $10.00 | trace_id=-
2025-12-06 15:20:43 | INFO | httpx | HTTP Request: POST http://testserver/paper-trading/reset "HTTP/1.1 200 OK" | trace_id=-
2025-12-06 15:20:43 | INFO | httpx | HTTP Request: POST http://testserver/paper-trading/place-order "HTTP/1.1 400 Bad Request" | trace_id=-
2025-12-06 15:20:43 | INFO | httpx | HTTP Request: POST http://testserver/paper-trading/place-order "HTTP/1.1 400 Bad Request" | trace_id=-
2025-12-06 15:20:43 | INFO | httpx | HTTP Request: POST http://testserver/paper-trading/place-order "HTTP/1.1 400 Bad Request" | trace_id=-
------------------------------ Captured log call -------------------------------
WARNING  backend.api.main:main.py:209 Slow response /api/auth/login: 239.39ms
INFO     httpx:_client.py:1025 HTTP Request: POST http://testserver/api/auth/login "HTTP/1.1 200 OK"
INFO     trading_engine.paper_trading:paper_trading.py:376 Paper trading portfolio reset with $10.00
INFO     httpx:_client.py:1025 HTTP Request: POST http://testserver/paper-trading/reset "HTTP/1.1 200 OK"
INFO     httpx:_client.py:1025 HTTP Request: POST http://testserver/paper-trading/place-order "HTTP/1.1 400 Bad Request"
INFO     httpx:_client.py:1025 HTTP Request: POST http://testserver/paper-trading/place-order "HTTP/1.1 400 Bad Request"
INFO     httpx:_client.py:1025 HTTP Request: POST http://testserver/paper-trading/place-order "HTTP/1.1 400 Bad Request"
________ ERROR at teardown of test_paper_trading_limit_and_stop_orders _________
tests/e2e/test_paper_trading_e2e.py:29: in client
    with TestClient(app) as test_client:
/home/mohit/.local/lib/python3.12/site-packages/starlette/testclient.py:756: in __exit__
    self.exit_stack.close()
/usr/lib/python3.12/contextlib.py:618: in close
    self.__exit__(None, None, None)
/usr/lib/python3.12/contextlib.py:610: in __exit__
    raise exc_details[1]
/usr/lib/python3.12/contextlib.py:595: in __exit__
    if cb(*exc_details):
       ^^^^^^^^^^^^^^^^
/usr/lib/python3.12/contextlib.py:478: in _exit_wrapper
    callback(*args, **kwds)
/home/mohit/.local/lib/python3.12/site-packages/starlette/testclient.py:749: in wait_shutdown
    portal.call(self.wait_shutdown)
/home/mohit/.local/lib/python3.12/site-packages/anyio/from_thread.py:277: in call
    return cast(T_Retval, self.start_task_soon(func, *args).result())
                          ^^^^^^^^^^^^^^^^^^^^^^^^^^^^^^^^^^^^^^^^^^
/usr/lib/python3.12/concurrent/futures/_base.py:456: in result
    return self.__get_result()
           ^^^^^^^^^^^^^^^^^^^
/usr/lib/python3.12/concurrent/futures/_base.py:401: in __get_result
    raise self._exception
/home/mohit/.local/lib/python3.12/site-packages/anyio/from_thread.py:217: in _call_func
    retval = await retval
             ^^^^^^^^^^^^
/home/mohit/.local/lib/python3.12/site-packages/starlette/testclient.py:797: in wait_shutdown
    await receive()
/home/mohit/.local/lib/python3.12/site-packages/starlette/testclient.py:786: in receive
    self.task.result()
/usr/lib/python3.12/concurrent/futures/_base.py:449: in result
    return self.__get_result()
           ^^^^^^^^^^^^^^^^^^^
/usr/lib/python3.12/concurrent/futures/_base.py:401: in __get_result
    raise self._exception
/home/mohit/.local/lib/python3.12/site-packages/anyio/from_thread.py:217: in _call_func
    retval = await retval
             ^^^^^^^^^^^^
/home/mohit/.local/lib/python3.12/site-packages/starlette/testclient.py:761: in lifespan
    await self.app(scope, self.stream_receive.receive, self.stream_send.send)
/home/mohit/.local/lib/python3.12/site-packages/fastapi/applications.py:1106: in __call__
    await super().__call__(scope, receive, send)
/home/mohit/.local/lib/python3.12/site-packages/starlette/applications.py:122: in __call__
    await self.middleware_stack(scope, receive, send)
/home/mohit/.local/lib/python3.12/site-packages/starlette/middleware/errors.py:149: in __call__
    await self.app(scope, receive, send)
/home/mohit/.local/lib/python3.12/site-packages/starlette/middleware/base.py:26: in __call__
    await self.app(scope, receive, send)
/home/mohit/.local/lib/python3.12/site-packages/starlette/middleware/cors.py:75: in __call__
    await self.app(scope, receive, send)
/home/mohit/.local/lib/python3.12/site-packages/starlette/middleware/base.py:26: in __call__
    await self.app(scope, receive, send)
/home/mohit/.local/lib/python3.12/site-packages/starlette/middleware/exceptions.py:55: in __call__
    await self.app(scope, receive, send)
/home/mohit/.local/lib/python3.12/site-packages/fastapi/middleware/asyncexitstack.py:20: in __call__
    raise e
/home/mohit/.local/lib/python3.12/site-packages/fastapi/middleware/asyncexitstack.py:17: in __call__
    await self.app(scope, receive, send)
/home/mohit/.local/lib/python3.12/site-packages/starlette/routing.py:707: in __call__
    await self.lifespan(scope, receive, send)
/home/mohit/.local/lib/python3.12/site-packages/starlette/routing.py:677: in lifespan
    async with self.lifespan_context(app) as maybe_state:
/usr/lib/python3.12/contextlib.py:217: in __aexit__
    await anext(self.gen)
backend/api/main.py:170: in lifespan
    await scheduler.stop()
backend/core/news_pipeline.py:347: in stop
    await self._task
backend/core/news_pipeline.py:357: in _run_loop
    await asyncio.wait_for(self._stop_event.wait(), timeout=wait_seconds)
/usr/lib/python3.12/asyncio/tasks.py:520: in wait_for
    return await fut
           ^^^^^^^^^
/usr/lib/python3.12/asyncio/locks.py:209: in wait
    fut = self._get_loop().create_future()
          ^^^^^^^^^^^^^^^^
/usr/lib/python3.12/asyncio/mixins.py:20: in _get_loop
    raise RuntimeError(f'{self!r} is bound to a different event loop')
E   RuntimeError: <asyncio.locks.Event object at 0x77681c447ec0 [unset]> is bound to a different event loop
---------------------------- Captured stdout setup -----------------------------
2025-12-06 15:20:44 | INFO | backend.core.news_pipeline | News publishing scheduler started | trace_id=-
------------------------------ Captured log setup ------------------------------
INFO     backend.core.news_pipeline:news_pipeline.py:342 News publishing scheduler started
----------------------------- Captured stdout call -----------------------------
2025-12-06 15:20:44 | WARNING | backend.api.main | Slow response /api/auth/login: 245.83ms | trace_id=-
2025-12-06 15:20:44 | INFO | httpx | HTTP Request: POST http://testserver/api/auth/login "HTTP/1.1 200 OK" | trace_id=-
2025-12-06 15:20:44 | INFO | trading_engine.paper_trading | Paper trading portfolio reset with $10,000.00 | trace_id=-
2025-12-06 15:20:44 | INFO | httpx | HTTP Request: POST http://testserver/paper-trading/reset "HTTP/1.1 200 OK" | trace_id=-
2025-12-06 15:20:44 | INFO | trading_engine.paper_trading | Paper trade executed: AAPL buy 5.0 @ 110.0 | trace_id=-
2025-12-06 15:20:44 | INFO | httpx | HTTP Request: POST http://testserver/paper-trading/place-order "HTTP/1.1 200 OK" | trace_id=-
2025-12-06 15:20:44 | INFO | httpx | HTTP Request: POST http://testserver/paper-trading/place-order "HTTP/1.1 200 OK" | trace_id=-
------------------------------ Captured log call -------------------------------
WARNING  backend.api.main:main.py:209 Slow response /api/auth/login: 245.83ms
INFO     httpx:_client.py:1025 HTTP Request: POST http://testserver/api/auth/login "HTTP/1.1 200 OK"
INFO     trading_engine.paper_trading:paper_trading.py:376 Paper trading portfolio reset with $10,000.00
INFO     httpx:_client.py:1025 HTTP Request: POST http://testserver/paper-trading/reset "HTTP/1.1 200 OK"
INFO     trading_engine.paper_trading:paper_trading.py:317 Paper trade executed: AAPL buy 5.0 @ 110.0
INFO     httpx:_client.py:1025 HTTP Request: POST http://testserver/paper-trading/place-order "HTTP/1.1 200 OK"
INFO     httpx:_client.py:1025 HTTP Request: POST http://testserver/paper-trading/place-order "HTTP/1.1 200 OK"
__ ERROR at setup of TestYFinanceAdapterIntegration.test_fetch_and_store_data __
/home/mohit/.local/lib/python3.12/site-packages/_pytest/runner.py:353: in from_call
    result: TResult | None = func()
                             ^^^^^^
/home/mohit/.local/lib/python3.12/site-packages/_pytest/runner.py:245: in <lambda>
    lambda: runtest_hook(item=item, **kwds),
            ^^^^^^^^^^^^^^^^^^^^^^^^^^^^^^^
/home/mohit/.local/lib/python3.12/site-packages/pluggy/_hooks.py:512: in __call__
    return self._hookexec(self.name, self._hookimpls.copy(), kwargs, firstresult)
           ^^^^^^^^^^^^^^^^^^^^^^^^^^^^^^^^^^^^^^^^^^^^^^^^^^^^^^^^^^^^^^^^^^^^^^
/home/mohit/.local/lib/python3.12/site-packages/pluggy/_manager.py:120: in _hookexec
    return self._inner_hookexec(hook_name, methods, kwargs, firstresult)
           ^^^^^^^^^^^^^^^^^^^^^^^^^^^^^^^^^^^^^^^^^^^^^^^^^^^^^^^^^^^^^
/home/mohit/.local/lib/python3.12/site-packages/_pytest/logging.py:843: in pytest_runtest_setup
    yield
/home/mohit/.local/lib/python3.12/site-packages/_pytest/capture.py:895: in pytest_runtest_setup
    return (yield)
            ^^^^^
/home/mohit/.local/lib/python3.12/site-packages/_pytest/runner.py:165: in pytest_runtest_setup
    item.session._setupstate.setup(item)
/home/mohit/.local/lib/python3.12/site-packages/_pytest/runner.py:523: in setup
    col.setup()
/home/mohit/.local/lib/python3.12/site-packages/_pytest/python.py:1723: in setup
    self._request._fillfixtures()
/home/mohit/.local/lib/python3.12/site-packages/_pytest/fixtures.py:707: in _fillfixtures
    item.funcargs[argname] = self.getfixturevalue(argname)
                             ^^^^^^^^^^^^^^^^^^^^^^^^^^^^^
/home/mohit/.local/lib/python3.12/site-packages/_pytest/fixtures.py:539: in getfixturevalue
    fixturedef = self._get_active_fixturedef(argname)
                 ^^^^^^^^^^^^^^^^^^^^^^^^^^^^^^^^^^^^
/home/mohit/.local/lib/python3.12/site-packages/_pytest/fixtures.py:627: in _get_active_fixturedef
    fixturedef.execute(request=subrequest)
/home/mohit/.local/lib/python3.12/site-packages/_pytest/fixtures.py:1110: in execute
    result: FixtureValue = ihook.pytest_fixture_setup(
/home/mohit/.local/lib/python3.12/site-packages/pluggy/_hooks.py:512: in __call__
    return self._hookexec(self.name, self._hookimpls.copy(), kwargs, firstresult)
           ^^^^^^^^^^^^^^^^^^^^^^^^^^^^^^^^^^^^^^^^^^^^^^^^^^^^^^^^^^^^^^^^^^^^^^
/home/mohit/.local/lib/python3.12/site-packages/pluggy/_manager.py:120: in _hookexec
    return self._inner_hookexec(hook_name, methods, kwargs, firstresult)
           ^^^^^^^^^^^^^^^^^^^^^^^^^^^^^^^^^^^^^^^^^^^^^^^^^^^^^^^^^^^^^
/home/mohit/.local/lib/python3.12/site-packages/_pytest/setuponly.py:36: in pytest_fixture_setup
    return (yield)
            ^^^^^
/home/mohit/.local/lib/python3.12/site-packages/_pytest/fixtures.py:1188: in pytest_fixture_setup
    warnings.warn(
E   pytest.PytestRemovedIn9Warning: 'test_fetch_and_store_data' requested an async fixture 'storage', with no plugin or hook that handled it. This is usually an error, as pytest does not natively support it. This will turn into an error in pytest 9.
E   See: https://docs.pytest.org/en/stable/deprecations.html#sync-test-depending-on-async-fixture
_ ERROR at setup of TestYFinanceAdapterIntegration.test_fetch_multiple_symbols _
/home/mohit/.local/lib/python3.12/site-packages/_pytest/runner.py:353: in from_call
    result: TResult | None = func()
                             ^^^^^^
/home/mohit/.local/lib/python3.12/site-packages/_pytest/runner.py:245: in <lambda>
    lambda: runtest_hook(item=item, **kwds),
            ^^^^^^^^^^^^^^^^^^^^^^^^^^^^^^^
/home/mohit/.local/lib/python3.12/site-packages/pluggy/_hooks.py:512: in __call__
    return self._hookexec(self.name, self._hookimpls.copy(), kwargs, firstresult)
           ^^^^^^^^^^^^^^^^^^^^^^^^^^^^^^^^^^^^^^^^^^^^^^^^^^^^^^^^^^^^^^^^^^^^^^
/home/mohit/.local/lib/python3.12/site-packages/pluggy/_manager.py:120: in _hookexec
    return self._inner_hookexec(hook_name, methods, kwargs, firstresult)
           ^^^^^^^^^^^^^^^^^^^^^^^^^^^^^^^^^^^^^^^^^^^^^^^^^^^^^^^^^^^^^
/home/mohit/.local/lib/python3.12/site-packages/_pytest/logging.py:843: in pytest_runtest_setup
    yield
/home/mohit/.local/lib/python3.12/site-packages/_pytest/capture.py:895: in pytest_runtest_setup
    return (yield)
            ^^^^^
/home/mohit/.local/lib/python3.12/site-packages/_pytest/runner.py:165: in pytest_runtest_setup
    item.session._setupstate.setup(item)
/home/mohit/.local/lib/python3.12/site-packages/_pytest/runner.py:523: in setup
    col.setup()
/home/mohit/.local/lib/python3.12/site-packages/_pytest/python.py:1723: in setup
    self._request._fillfixtures()
/home/mohit/.local/lib/python3.12/site-packages/_pytest/fixtures.py:707: in _fillfixtures
    item.funcargs[argname] = self.getfixturevalue(argname)
                             ^^^^^^^^^^^^^^^^^^^^^^^^^^^^^
/home/mohit/.local/lib/python3.12/site-packages/_pytest/fixtures.py:539: in getfixturevalue
    fixturedef = self._get_active_fixturedef(argname)
                 ^^^^^^^^^^^^^^^^^^^^^^^^^^^^^^^^^^^^
/home/mohit/.local/lib/python3.12/site-packages/_pytest/fixtures.py:627: in _get_active_fixturedef
    fixturedef.execute(request=subrequest)
/home/mohit/.local/lib/python3.12/site-packages/_pytest/fixtures.py:1110: in execute
    result: FixtureValue = ihook.pytest_fixture_setup(
/home/mohit/.local/lib/python3.12/site-packages/pluggy/_hooks.py:512: in __call__
    return self._hookexec(self.name, self._hookimpls.copy(), kwargs, firstresult)
           ^^^^^^^^^^^^^^^^^^^^^^^^^^^^^^^^^^^^^^^^^^^^^^^^^^^^^^^^^^^^^^^^^^^^^^
/home/mohit/.local/lib/python3.12/site-packages/pluggy/_manager.py:120: in _hookexec
    return self._inner_hookexec(hook_name, methods, kwargs, firstresult)
           ^^^^^^^^^^^^^^^^^^^^^^^^^^^^^^^^^^^^^^^^^^^^^^^^^^^^^^^^^^^^^
/home/mohit/.local/lib/python3.12/site-packages/_pytest/setuponly.py:36: in pytest_fixture_setup
    return (yield)
            ^^^^^
/home/mohit/.local/lib/python3.12/site-packages/_pytest/fixtures.py:1188: in pytest_fixture_setup
    warnings.warn(
E   pytest.PytestRemovedIn9Warning: 'test_fetch_multiple_symbols' requested an async fixture 'storage', with no plugin or hook that handled it. This is usually an error, as pytest does not natively support it. This will turn into an error in pytest 9.
E   See: https://docs.pytest.org/en/stable/deprecations.html#sync-test-depending-on-async-fixture
________________ ERROR at setup of test_metrics_requires_admin _________________
tests/integration/test_backend_api_roles.py:61: in admin_token
    assert response.status_code == 200
E   assert 404 == 200
E    +  where 404 = <Response [404 Not Found]>.status_code
---------------------------- Captured stdout setup -----------------------------
2025-12-06 15:20:47 | INFO | backend.app.main | Database initialized (mode=dev) | trace_id=-
2025-12-06 15:20:47 | INFO | httpx | HTTP Request: POST http://testserver/api/auth/login "HTTP/1.1 404 Not Found" | trace_id=-
------------------------------ Captured log setup ------------------------------
INFO     backend.app.main:main.py:63 Database initialized (mode=dev)
INFO     httpx:_client.py:1025 HTTP Request: POST http://testserver/api/auth/login "HTTP/1.1 404 Not Found"
________ ERROR at setup of test_protected_get_routes_accept_user_token _________
tests/integration/test_backend_api_roles.py:74: in user_token
    assert response.status_code == 200
E   assert 404 == 200
E    +  where 404 = <Response [404 Not Found]>.status_code
---------------------------- Captured stdout setup -----------------------------
2025-12-06 15:20:48 | INFO | backend.app.main | Database initialized (mode=dev) | trace_id=-
2025-12-06 15:20:48 | INFO | httpx | HTTP Request: POST http://testserver/api/auth/login "HTTP/1.1 404 Not Found" | trace_id=-
------------------------------ Captured log setup ------------------------------
INFO     backend.app.main:main.py:63 Database initialized (mode=dev)
INFO     httpx:_client.py:1025 HTTP Request: POST http://testserver/api/auth/login "HTTP/1.1 404 Not Found"
__________ ERROR at setup of test_strategy_actions_accept_user_token ___________
tests/integration/test_backend_api_roles.py:74: in user_token
    assert response.status_code == 200
E   assert 404 == 200
E    +  where 404 = <Response [404 Not Found]>.status_code
---------------------------- Captured stdout setup -----------------------------
2025-12-06 15:20:48 | INFO | backend.app.main | Database initialized (mode=dev) | trace_id=-
2025-12-06 15:20:48 | INFO | httpx | HTTP Request: POST http://testserver/api/auth/login "HTTP/1.1 404 Not Found" | trace_id=-
------------------------------ Captured log setup ------------------------------
INFO     backend.app.main:main.py:63 Database initialized (mode=dev)
INFO     httpx:_client.py:1025 HTTP Request: POST http://testserver/api/auth/login "HTTP/1.1 404 Not Found"
_______ ERROR at setup of test_malformed_and_expired_tokens_are_rejected _______
tests/integration/test_backend_api_roles.py:74: in user_token
    assert response.status_code == 200
E   assert 404 == 200
E    +  where 404 = <Response [404 Not Found]>.status_code
---------------------------- Captured stdout setup -----------------------------
2025-12-06 15:20:48 | INFO | backend.app.main | Database initialized (mode=dev) | trace_id=-
2025-12-06 15:20:48 | INFO | httpx | HTTP Request: POST http://testserver/api/auth/login "HTTP/1.1 404 Not Found" | trace_id=-
------------------------------ Captured log setup ------------------------------
INFO     backend.app.main:main.py:63 Database initialized (mode=dev)
INFO     httpx:_client.py:1025 HTTP Request: POST http://testserver/api/auth/login "HTTP/1.1 404 Not Found"
_______________ ERROR at setup of test_logs_restricted_to_admin ________________
tests/integration/test_backend_api_roles.py:74: in user_token
    assert response.status_code == 200
E   assert 404 == 200
E    +  where 404 = <Response [404 Not Found]>.status_code
---------------------------- Captured stdout setup -----------------------------
2025-12-06 15:20:48 | INFO | backend.app.main | Database initialized (mode=dev) | trace_id=-
2025-12-06 15:20:48 | INFO | httpx | HTTP Request: POST http://testserver/api/auth/login "HTTP/1.1 404 Not Found" | trace_id=-
------------------------------ Captured log setup ------------------------------
INFO     backend.app.main:main.py:63 Database initialized (mode=dev)
INFO     httpx:_client.py:1025 HTTP Request: POST http://testserver/api/auth/login "HTTP/1.1 404 Not Found"
________ ERROR at setup of test_logs_returns_503_when_store_unavailable ________
tests/integration/test_backend_api_roles.py:61: in admin_token
    assert response.status_code == 200
E   assert 404 == 200
E    +  where 404 = <Response [404 Not Found]>.status_code
---------------------------- Captured stdout setup -----------------------------
2025-12-06 15:20:48 | INFO | backend.app.main | Database initialized (mode=dev) | trace_id=-
2025-12-06 15:20:48 | INFO | httpx | HTTP Request: POST http://testserver/api/auth/login "HTTP/1.1 404 Not Found" | trace_id=-
------------------------------ Captured log setup ------------------------------
INFO     backend.app.main:main.py:63 Database initialized (mode=dev)
INFO     httpx:_client.py:1025 HTTP Request: POST http://testserver/api/auth/login "HTTP/1.1 404 Not Found"
____ ERROR at setup of TestStoragePerformance.test_bulk_insert_performance _____
/home/mohit/.local/lib/python3.12/site-packages/_pytest/runner.py:353: in from_call
    result: TResult | None = func()
                             ^^^^^^
/home/mohit/.local/lib/python3.12/site-packages/_pytest/runner.py:245: in <lambda>
    lambda: runtest_hook(item=item, **kwds),
            ^^^^^^^^^^^^^^^^^^^^^^^^^^^^^^^
/home/mohit/.local/lib/python3.12/site-packages/pluggy/_hooks.py:512: in __call__
    return self._hookexec(self.name, self._hookimpls.copy(), kwargs, firstresult)
           ^^^^^^^^^^^^^^^^^^^^^^^^^^^^^^^^^^^^^^^^^^^^^^^^^^^^^^^^^^^^^^^^^^^^^^
/home/mohit/.local/lib/python3.12/site-packages/pluggy/_manager.py:120: in _hookexec
    return self._inner_hookexec(hook_name, methods, kwargs, firstresult)
           ^^^^^^^^^^^^^^^^^^^^^^^^^^^^^^^^^^^^^^^^^^^^^^^^^^^^^^^^^^^^^
/home/mohit/.local/lib/python3.12/site-packages/_pytest/logging.py:843: in pytest_runtest_setup
    yield
/home/mohit/.local/lib/python3.12/site-packages/_pytest/capture.py:895: in pytest_runtest_setup
    return (yield)
            ^^^^^
/home/mohit/.local/lib/python3.12/site-packages/_pytest/runner.py:165: in pytest_runtest_setup
    item.session._setupstate.setup(item)
/home/mohit/.local/lib/python3.12/site-packages/_pytest/runner.py:523: in setup
    col.setup()
/home/mohit/.local/lib/python3.12/site-packages/_pytest/python.py:1723: in setup
    self._request._fillfixtures()
/home/mohit/.local/lib/python3.12/site-packages/_pytest/fixtures.py:707: in _fillfixtures
    item.funcargs[argname] = self.getfixturevalue(argname)
                             ^^^^^^^^^^^^^^^^^^^^^^^^^^^^^
/home/mohit/.local/lib/python3.12/site-packages/_pytest/fixtures.py:539: in getfixturevalue
    fixturedef = self._get_active_fixturedef(argname)
                 ^^^^^^^^^^^^^^^^^^^^^^^^^^^^^^^^^^^^
/home/mohit/.local/lib/python3.12/site-packages/_pytest/fixtures.py:627: in _get_active_fixturedef
    fixturedef.execute(request=subrequest)
/home/mohit/.local/lib/python3.12/site-packages/_pytest/fixtures.py:1110: in execute
    result: FixtureValue = ihook.pytest_fixture_setup(
/home/mohit/.local/lib/python3.12/site-packages/pluggy/_hooks.py:512: in __call__
    return self._hookexec(self.name, self._hookimpls.copy(), kwargs, firstresult)
           ^^^^^^^^^^^^^^^^^^^^^^^^^^^^^^^^^^^^^^^^^^^^^^^^^^^^^^^^^^^^^^^^^^^^^^
/home/mohit/.local/lib/python3.12/site-packages/pluggy/_manager.py:120: in _hookexec
    return self._inner_hookexec(hook_name, methods, kwargs, firstresult)
           ^^^^^^^^^^^^^^^^^^^^^^^^^^^^^^^^^^^^^^^^^^^^^^^^^^^^^^^^^^^^^
/home/mohit/.local/lib/python3.12/site-packages/_pytest/setuponly.py:36: in pytest_fixture_setup
    return (yield)
            ^^^^^
/home/mohit/.local/lib/python3.12/site-packages/_pytest/fixtures.py:1188: in pytest_fixture_setup
    warnings.warn(
E   pytest.PytestRemovedIn9Warning: 'test_bulk_insert_performance' requested an async fixture 'storage', with no plugin or hook that handled it. This is usually an error, as pytest does not natively support it. This will turn into an error in pytest 9.
E   See: https://docs.pytest.org/en/stable/deprecations.html#sync-test-depending-on-async-fixture
_______ ERROR at setup of TestStoragePerformance.test_fetch_performance ________
/home/mohit/.local/lib/python3.12/site-packages/_pytest/runner.py:353: in from_call
    result: TResult | None = func()
                             ^^^^^^
/home/mohit/.local/lib/python3.12/site-packages/_pytest/runner.py:245: in <lambda>
    lambda: runtest_hook(item=item, **kwds),
            ^^^^^^^^^^^^^^^^^^^^^^^^^^^^^^^
/home/mohit/.local/lib/python3.12/site-packages/pluggy/_hooks.py:512: in __call__
    return self._hookexec(self.name, self._hookimpls.copy(), kwargs, firstresult)
           ^^^^^^^^^^^^^^^^^^^^^^^^^^^^^^^^^^^^^^^^^^^^^^^^^^^^^^^^^^^^^^^^^^^^^^
/home/mohit/.local/lib/python3.12/site-packages/pluggy/_manager.py:120: in _hookexec
    return self._inner_hookexec(hook_name, methods, kwargs, firstresult)
           ^^^^^^^^^^^^^^^^^^^^^^^^^^^^^^^^^^^^^^^^^^^^^^^^^^^^^^^^^^^^^
/home/mohit/.local/lib/python3.12/site-packages/_pytest/logging.py:843: in pytest_runtest_setup
    yield
/home/mohit/.local/lib/python3.12/site-packages/_pytest/capture.py:895: in pytest_runtest_setup
    return (yield)
            ^^^^^
/home/mohit/.local/lib/python3.12/site-packages/_pytest/runner.py:165: in pytest_runtest_setup
    item.session._setupstate.setup(item)
/home/mohit/.local/lib/python3.12/site-packages/_pytest/runner.py:523: in setup
    col.setup()
/home/mohit/.local/lib/python3.12/site-packages/_pytest/python.py:1723: in setup
    self._request._fillfixtures()
/home/mohit/.local/lib/python3.12/site-packages/_pytest/fixtures.py:707: in _fillfixtures
    item.funcargs[argname] = self.getfixturevalue(argname)
                             ^^^^^^^^^^^^^^^^^^^^^^^^^^^^^
/home/mohit/.local/lib/python3.12/site-packages/_pytest/fixtures.py:539: in getfixturevalue
    fixturedef = self._get_active_fixturedef(argname)
                 ^^^^^^^^^^^^^^^^^^^^^^^^^^^^^^^^^^^^
/home/mohit/.local/lib/python3.12/site-packages/_pytest/fixtures.py:627: in _get_active_fixturedef
    fixturedef.execute(request=subrequest)
/home/mohit/.local/lib/python3.12/site-packages/_pytest/fixtures.py:1110: in execute
    result: FixtureValue = ihook.pytest_fixture_setup(
/home/mohit/.local/lib/python3.12/site-packages/pluggy/_hooks.py:512: in __call__
    return self._hookexec(self.name, self._hookimpls.copy(), kwargs, firstresult)
           ^^^^^^^^^^^^^^^^^^^^^^^^^^^^^^^^^^^^^^^^^^^^^^^^^^^^^^^^^^^^^^^^^^^^^^
/home/mohit/.local/lib/python3.12/site-packages/pluggy/_manager.py:120: in _hookexec
    return self._inner_hookexec(hook_name, methods, kwargs, firstresult)
           ^^^^^^^^^^^^^^^^^^^^^^^^^^^^^^^^^^^^^^^^^^^^^^^^^^^^^^^^^^^^^
/home/mohit/.local/lib/python3.12/site-packages/_pytest/setuponly.py:36: in pytest_fixture_setup
    return (yield)
            ^^^^^
/home/mohit/.local/lib/python3.12/site-packages/_pytest/fixtures.py:1188: in pytest_fixture_setup
    warnings.warn(
E   pytest.PytestRemovedIn9Warning: 'test_fetch_performance' requested an async fixture 'storage', with no plugin or hook that handled it. This is usually an error, as pytest does not natively support it. This will turn into an error in pytest 9.
E   See: https://docs.pytest.org/en/stable/deprecations.html#sync-test-depending-on-async-fixture
___ ERROR at setup of TestEndToEndPerformance.test_full_pipeline_performance ___
/home/mohit/.local/lib/python3.12/site-packages/_pytest/runner.py:353: in from_call
    result: TResult | None = func()
                             ^^^^^^
/home/mohit/.local/lib/python3.12/site-packages/_pytest/runner.py:245: in <lambda>
    lambda: runtest_hook(item=item, **kwds),
            ^^^^^^^^^^^^^^^^^^^^^^^^^^^^^^^
/home/mohit/.local/lib/python3.12/site-packages/pluggy/_hooks.py:512: in __call__
    return self._hookexec(self.name, self._hookimpls.copy(), kwargs, firstresult)
           ^^^^^^^^^^^^^^^^^^^^^^^^^^^^^^^^^^^^^^^^^^^^^^^^^^^^^^^^^^^^^^^^^^^^^^
/home/mohit/.local/lib/python3.12/site-packages/pluggy/_manager.py:120: in _hookexec
    return self._inner_hookexec(hook_name, methods, kwargs, firstresult)
           ^^^^^^^^^^^^^^^^^^^^^^^^^^^^^^^^^^^^^^^^^^^^^^^^^^^^^^^^^^^^^
/home/mohit/.local/lib/python3.12/site-packages/_pytest/logging.py:843: in pytest_runtest_setup
    yield
/home/mohit/.local/lib/python3.12/site-packages/_pytest/capture.py:895: in pytest_runtest_setup
    return (yield)
            ^^^^^
/home/mohit/.local/lib/python3.12/site-packages/_pytest/runner.py:165: in pytest_runtest_setup
    item.session._setupstate.setup(item)
/home/mohit/.local/lib/python3.12/site-packages/_pytest/runner.py:523: in setup
    col.setup()
/home/mohit/.local/lib/python3.12/site-packages/_pytest/python.py:1723: in setup
    self._request._fillfixtures()
/home/mohit/.local/lib/python3.12/site-packages/_pytest/fixtures.py:707: in _fillfixtures
    item.funcargs[argname] = self.getfixturevalue(argname)
                             ^^^^^^^^^^^^^^^^^^^^^^^^^^^^^
/home/mohit/.local/lib/python3.12/site-packages/_pytest/fixtures.py:539: in getfixturevalue
    fixturedef = self._get_active_fixturedef(argname)
                 ^^^^^^^^^^^^^^^^^^^^^^^^^^^^^^^^^^^^
/home/mohit/.local/lib/python3.12/site-packages/_pytest/fixtures.py:627: in _get_active_fixturedef
    fixturedef.execute(request=subrequest)
/home/mohit/.local/lib/python3.12/site-packages/_pytest/fixtures.py:1110: in execute
    result: FixtureValue = ihook.pytest_fixture_setup(
/home/mohit/.local/lib/python3.12/site-packages/pluggy/_hooks.py:512: in __call__
    return self._hookexec(self.name, self._hookimpls.copy(), kwargs, firstresult)
           ^^^^^^^^^^^^^^^^^^^^^^^^^^^^^^^^^^^^^^^^^^^^^^^^^^^^^^^^^^^^^^^^^^^^^^
/home/mohit/.local/lib/python3.12/site-packages/pluggy/_manager.py:120: in _hookexec
    return self._inner_hookexec(hook_name, methods, kwargs, firstresult)
           ^^^^^^^^^^^^^^^^^^^^^^^^^^^^^^^^^^^^^^^^^^^^^^^^^^^^^^^^^^^^^
/home/mohit/.local/lib/python3.12/site-packages/_pytest/setuponly.py:36: in pytest_fixture_setup
    return (yield)
            ^^^^^
/home/mohit/.local/lib/python3.12/site-packages/_pytest/fixtures.py:1188: in pytest_fixture_setup
    warnings.warn(
E   pytest.PytestRemovedIn9Warning: 'test_full_pipeline_performance' requested an async fixture 'storage', with no plugin or hook that handled it. This is usually an error, as pytest does not natively support it. This will turn into an error in pytest 9.
E   See: https://docs.pytest.org/en/stable/deprecations.html#sync-test-depending-on-async-fixture
[...]
SKIPPED [1] tests/performance/test_candles_latency.py:19: API server not running
ERROR tests/e2e/test_paper_trading_e2e.py::test_paper_trading_edge_cases_and_errors
ERROR tests/e2e/test_paper_trading_e2e.py::test_paper_trading_limit_and_stop_orders
ERROR tests/integration/test_adapters_integration.py::TestYFinanceAdapterIntegration::test_fetch_and_store_data
ERROR tests/integration/test_adapters_integration.py::TestYFinanceAdapterIntegration::test_fetch_multiple_symbols
ERROR tests/integration/test_backend_api_roles.py::test_metrics_requires_admin
ERROR tests/integration/test_backend_api_roles.py::test_protected_get_routes_accept_user_token
ERROR tests/integration/test_backend_api_roles.py::test_strategy_actions_accept_user_token
ERROR tests/integration/test_backend_api_roles.py::test_malformed_and_expired_tokens_are_rejected
ERROR tests/integration/test_backend_api_roles.py::test_logs_restricted_to_admin
ERROR tests/integration/test_backend_api_roles.py::test_logs_returns_503_when_store_unavailable
ERROR tests/performance/test_ingestion_performance.py::TestStoragePerformance::test_bulk_insert_performance
ERROR tests/performance/test_ingestion_performance.py::TestStoragePerformance::test_fetch_performance
ERROR tests/performance/test_ingestion_performance.py::TestEndToEndPerformance::test_full_pipeline_performance
ERROR tests/performance/test_ingestion_performance.py::TestConcurrentOperations::test_concurrent_inserts
ERROR tests/unit/test_adapters.py::TestKiteWebSocketAdapter::test_authenticate
ERROR tests/unit/test_adapters.py::TestKiteWebSocketAdapter::test_subscribe
ERROR tests/unit/test_adapters.py::TestKiteWebSocketAdapter::test_context_manager
ERROR tests/unit/test_adapters.py::TestKiteWebSocketAdapter::test_process_message_tick
ERROR tests/unit/test_storage.py::TestDataStorage::test_create_tables - pytes...
ERROR tests/unit/test_storage.py::TestDataStorage::test_insert_candle - pytes...
ERROR tests/unit/test_storage.py::TestDataStorage::test_insert_duplicate_candle
ERROR tests/unit/test_storage.py::TestDataStorage::test_fetch_last_n_candles
ERROR tests/unit/test_storage.py::TestDataStorage::test_fetch_last_n_candles_empty
ERROR tests/unit/test_storage.py::TestDataStorage::test_fetch_last_n_candles_different_symbols
ERROR tests/unit/test_storage.py::TestDataStorage::test_health_check_success
FAILED tests/ai_models/test_model_loading.py::test_pipeline_answer_returns_clean_response
FAILED tests/backend/test_auth_routes.py::test_logout_successful - assert 403...
FAILED tests/backend/test_auth_routes.py::test_register_new_user - AttributeE...
FAILED tests/backend/test_auth_routes.py::test_register_existing_user - Attri...
FAILED tests/backend/test_auth_routes.py::test_forgot_password_valid_email - ...
FAILED tests/backend/test_auth_routes.py::test_forgot_password_unknown_email
FAILED tests/backend/test_auth_routes.py::test_protected_endpoint_requires_auth
FAILED tests/backend/test_auth_routes.py::test_protected_endpoint_with_valid_token
FAILED tests/backend/test_auth_routes.py::test_admin_only_endpoint_requires_admin_role
FAILED tests/backend/test_auth_routes.py::test_logout_invalidates_token - ass...
FAILED tests/backend/test_auth_routes.py::test_auth_endpoints_cors_headers - ...
FAILED tests/backend/test_market_data_routes.py::test_get_market_data_ohlc - ...
FAILED tests/backend/test_market_data_routes.py::test_get_market_data_ohlc_invalid_symbol
FAILED tests/backend/test_market_data_routes.py::test_get_market_data_ohlc_with_date_range
FAILED tests/backend/test_market_data_routes.py::test_get_current_price - Att...
FAILED tests/backend/test_market_data_routes.py::test_get_current_price_not_found
FAILED tests/backend/test_market_data_routes.py::test_get_market_data_quote
FAILED tests/backend/test_market_data_routes.py::test_get_market_depth - Attr...
FAILED tests/backend/test_market_data_routes.py::test_get_historical_volume
FAILED tests/backend/test_market_data_routes.py::test_get_market_data_with_pagination
FAILED tests/backend/test_market_data_routes.py::test_get_market_data_invalid_timeframe
FAILED tests/backend/test_market_data_routes.py::test_get_market_data_rate_limiting
FAILED tests/backend/test_market_data_routes.py::test_get_market_data_caching
FAILED tests/backend/test_market_data_routes.py::test_get_market_data_error_handling
FAILED tests/backend/test_market_data_routes.py::test_get_market_data_empty_response
FAILED tests/backend/test_trading_routes.py::test_place_buy_order_success - a...
FAILED tests/backend/test_trading_routes.py::test_place_sell_order_success - ...
FAILED tests/backend/test_trading_routes.py::test_place_market_order - assert...
FAILED tests/backend/test_trading_routes.py::test_place_order_invalid_side - ...
FAILED tests/backend/test_trading_routes.py::test_place_order_invalid_quantity
FAILED tests/backend/test_trading_routes.py::test_place_order_live_mode_blocked_without_confirmation
FAILED tests/backend/test_trading_routes.py::test_cancel_order_success - asse...
FAILED tests/backend/test_trading_routes.py::test_cancel_order_not_found - As...
FAILED tests/backend/test_trading_routes.py::test_get_pnl_today - assert 404 ...
FAILED tests/backend/test_trading_routes.py::test_start_trading_engine - asse...
FAILED tests/backend/test_trading_routes.py::test_stop_trading_engine - asser...
FAILED tests/backend/test_trading_routes.py::test_get_trading_status - assert...
FAILED tests/backend/test_trading_routes.py::test_get_trading_history - asser...
FAILED tests/backend/test_trading_routes.py::test_place_order_unauthenticated
FAILED tests/data_collector/test_backfill_scripts.py::test_nse_backfill_script_success
FAILED tests/data_collector/test_backfill_scripts.py::test_nse_backfill_with_date_range
FAILED tests/data_collector/test_backfill_scripts.py::test_bse_backfill_script_success
FAILED tests/data_collector/test_backfill_scripts.py::test_mcx_backfill_script_success
FAILED tests/data_collector/test_backfill_scripts.py::test_backfill_script_error_handling
FAILED tests/data_collector/test_backfill_scripts.py::test_backfill_script_invalid_dates
FAILED tests/data_collector/test_backfill_scripts.py::test_backfill_script_rate_limiting
FAILED tests/data_collector/test_backfill_scripts.py::test_backfill_script_data_validation
FAILED tests/data_collector/test_backfill_scripts.py::test_backfill_script_progress_reporting
FAILED tests/data_collector/test_backfill_scripts.py::test_backfill_script_config_loading
FAILED tests/data_collector/test_backfill_scripts.py::test_backfill_script_output_formats
FAILED tests/data_collector/test_backfill_scripts.py::test_backfill_script_dry_run_mode
FAILED tests/data_collector/test_backfill_scripts.py::test_backfill_script_symbol_filtering
FAILED tests/data_collector/test_backfill_scripts.py::test_backfill_script_parallel_processing
FAILED tests/data_collector/test_mock_feeds.py::test_mock_websocket_server_emits_ticks
FAILED tests/integration/test_adapters_integration.py::TestAdapterErrorHandling::test_yfinance_network_error
FAILED tests/integration/test_adapters_integration.py::TestAdapterErrorHandling::test_alphavantage_api_error
FAILED tests/integration/test_adapters_integration.py::TestAdapterRateLimiting::test_yfinance_rate_limiting
FAILED tests/integration/test_api_auth.py::TestAPIAuthentication::test_login_nonexistent_user
FAILED tests/integration/test_api_auth.py::TestAPIAuthentication::test_login_successful
FAILED tests/integration/test_api_auth.py::TestAPIAuthentication::test_logout_authenticated
FAILED tests/integration/test_api_auth.py::TestAPIAuthentication::test_logout_unauthenticated
FAILED tests/integration/test_api_auth.py::TestProtectedEndpoints::test_place_trade_authenticated
FAILED tests/integration/test_api_auth.py::TestProtectedEndpoints::test_place_trade_invalid_quantity
FAILED tests/integration/test_api_auth.py::TestProtectedEndpoints::test_place_trade_invalid_side
FAILED tests/integration/test_api_auth.py::TestProtectedEndpoints::test_place_trade_no_auth
FAILED tests/integration/test_api_auth.py::TestProtectedEndpoints::test_protected_endpoint_authenticated
FAILED tests/integration/test_api_auth.py::TestProtectedEndpoints::test_protected_endpoint_invalid_token
FAILED tests/integration/test_api_auth.py::TestProtectedEndpoints::test_protected_endpoint_no_auth
FAILED tests/integration/test_api_auth.py::TestPublicEndpoints::test_health_endpoint
FAILED tests/integration/test_api_auth.py::TestPublicEndpoints::test_logs_endpoint_forbidden_for_non_admin
FAILED tests/integration/test_api_auth.py::TestPublicEndpoints::test_logs_endpoint_no_file
FAILED tests/integration/test_api_auth.py::TestPublicEndpoints::test_logs_endpoint_requires_auth
FAILED tests/integration/test_api_auth.py::TestPublicEndpoints::test_logs_endpoint_with_file
FAILED tests/integration/test_api_auth.py::TestPublicEndpoints::test_metrics_endpoint
FAILED tests/integration/test_api_auth.py::TestPublicEndpoints::test_root_endpoint
FAILED tests/integration/test_api_auth.py::TestPublicEndpoints::test_status_endpoint
FAILED tests/integration/test_api_auth.py::TestStrategyEndpoints::test_get_strategies
FAILED tests/integration/test_api_auth.py::TestStrategyEndpoints::test_load_strategy_invalid_class
FAILED tests/integration/test_api_auth.py::TestStrategyEndpoints::test_manage_strategy_invalid_action
FAILED tests/integration/test_api_auth.py::TestTradingEndpoints::test_control_trading_invalid_action
FAILED tests/integration/test_api_auth.py::TestTradingEndpoints::test_get_trading_history
FAILED tests/integration/test_api_auth.py::TestTradingEndpoints::test_get_trading_status
FAILED tests/integration/test_api_endpoints.py::TestMetricsEndpoint::test_get_metrics_success
FAILED tests/integration/test_api_endpoints.py::TestHealthEndpoints::test_ready_check
FAILED tests/integration/test_api_endpoints.py::TestSymbolsEndpoint::test_get_symbols
FAILED tests/integration/test_full_paper_trading_loop.py::test_process_symbol_invokes_signal_handler
FAILED tests/integration/test_health_and_metrics_stack.py::test_backend_metrics_endpoint_includes_components
FAILED tests/market_data_ingestion/test_api_routes.py::test_health_check_reports_service_name
FAILED tests/market_data_ingestion/test_api_routes.py::test_readiness_check_queries_database
FAILED tests/market_data_ingestion/test_api_routes.py::test_readiness_check_propagates_errors
FAILED tests/market_data_ingestion/test_api_routes.py::test_get_candles_returns_payload
FAILED tests/market_data_ingestion/test_api_routes.py::test_get_candles_raises_when_no_data
FAILED tests/market_data_ingestion/test_backfill_cli.py::test_backfill_api_command_executes
FAILED tests/market_data_ingestion/test_backfill_cli.py::test_backfill_csv_command_ingests
FAILED tests/market_data_ingestion/test_backfill_cli.py::test_replay_dlq_command_invokes_handler
FAILED tests/market_data_ingestion/test_bar_builders.py::test_candle_aggregator_emits_payload_for_each_interval
FAILED tests/market_data_ingestion/test_bar_builders.py::test_tick_aggregator_flushes_all_intervals
FAILED tests/market_data_ingestion/test_scheduler_and_retries.py::test_trigger_refresh_invokes_backfill
FAILED tests/market_data_ingestion/test_source_adapters_equities.py::test_fetch_historical_data_invokes_rate_limit
FAILED tests/market_data_ingestion/test_source_adapters_mcxticks.py::test_kite_adapter_normalizes_ticks
FAILED tests/market_data_ingestion/test_source_adapters_mcxticks.py::test_process_message_returns_none_for_invalid_json
FAILED tests/market_data_ingestion/test_source_adapters_mcxticks.py::test_process_message_uses_normalizer
FAILED tests/market_data_ingestion/test_storage_parquet_postgres.py::test_postgres_connection_uses_asyncpg_pool
FAILED tests/market_data_ingestion/test_storage_parquet_postgres.py::test_sqlite_candles_can_be_dumped_to_parquet
FAILED tests/performance/test_ingestion_performance.py::TestAggregatorPerformance::test_tick_aggregation_performance
FAILED tests/performance/test_ingestion_performance.py::TestAggregatorPerformance::test_multi_symbol_aggregation_performance
FAILED tests/risk/test_var_and_drawdown.py::test_can_open_trade_respects_risk_per_trade
FAILED tests/scripts/test_dev_run_entrypoints.py::test_dev_run_backend_entrypoint
FAILED tests/scripts/test_dev_run_entrypoints.py::test_dev_run_ingestion_entrypoint
FAILED tests/scripts/test_dev_run_entrypoints.py::test_dev_run_engine_entrypoint
FAILED tests/scripts/test_dev_run_entrypoints.py::test_dev_run_with_config_file
FAILED tests/scripts/test_dev_run_entrypoints.py::test_dev_run_environment_variables
FAILED tests/scripts/test_dev_run_entrypoints.py::test_dev_run_shutdown_signal_handling
FAILED tests/scripts/test_dev_run_entrypoints.py::test_dev_run_process_monitoring
FAILED tests/scripts/test_dev_run_entrypoints.py::test_dev_run_log_file_output
FAILED tests/scripts/test_dev_run_entrypoints.py::test_dev_run_multiple_services
FAILED tests/scripts/test_dev_run_entrypoints.py::test_dev_run_dependency_check
FAILED tests/scripts/test_dev_run_entrypoints.py::test_dev_run_dependency_failure
FAILED tests/scripts/test_dev_run_entrypoints.py::test_dev_run_health_check
FAILED tests/scripts/test_dev_run_entrypoints.py::test_dev_run_health_check_timeout
FAILED tests/scripts/test_dev_run_entrypoints.py::test_dev_run_reload_on_file_change
FAILED tests/scripts/test_dev_run_entrypoints.py::test_dev_run_debug_mode - A...
FAILED tests/scripts/test_dev_run_entrypoints.py::test_dev_run_profile_mode
FAILED tests/scripts/test_dev_run_entrypoints.py::test_dev_run_with_custom_python_path
FAILED tests/scripts/test_dev_run_entrypoints.py::test_dev_run_service_discovery
FAILED tests/scripts/test_dev_run_entrypoints.py::test_dev_run_cleanup_on_exit
FAILED tests/strategies/regression/test_ema_crossover_regression.py::test_regression_triggers_buy_then_flat
FAILED tests/strategies/test_risk_overrides.py::test_validate_order_rejects_when_margin_missing
FAILED tests/test_api_market_data.py::TestHealthEndpoints::test_health_check
FAILED tests/test_api_market_data.py::TestHealthEndpoints::test_healthz_alias
FAILED tests/test_api_market_data.py::TestHealthEndpoints::test_readiness_check_success
FAILED tests/test_api_market_data.py::TestHealthEndpoints::test_readiness_check_failure
FAILED tests/test_api_market_data.py::TestHealthEndpoints::test_readyz_alias
FAILED tests/test_api_market_data.py::TestMetricsEndpoint::test_get_metrics
FAILED tests/test_api_market_data.py::TestCandlesEndpoint::test_get_candles_success
FAILED tests/test_api_market_data.py::TestCandlesEndpoint::test_get_candles_no_data
FAILED tests/test_api_market_data.py::TestCandlesEndpoint::test_get_candles_missing_symbol
FAILED tests/test_api_market_data.py::TestCandlesEndpoint::test_get_candles_invalid_limit
FAILED tests/test_api_market_data.py::TestSymbolsEndpoint::test_get_symbols_success
FAILED tests/test_api_market_data.py::TestSymbolsEndpoint::test_get_symbols_empty
FAILED tests/test_api_market_data.py::TestSymbolsEndpoint::test_get_symbols_db_error
FAILED tests/test_api_market_data.py::TestAuthEndpoints::test_register_invalid_email
FAILED tests/test_api_market_data.py::TestAuthEndpoints::test_register_weak_password
FAILED tests/test_api_market_data.py::TestAuthEndpoints::test_logout - assert...
FAILED tests/test_api_market_data.py::TestIntegration::test_full_workflow - T...
FAILED tests/test_config_loading.py::test_database_url_construction - Asserti...
FAILED tests/test_config_loading.py::test_database_url_fallback_to_sqlite - A...
FAILED tests/test_config_loading.py::test_broker_config_loading - AssertionEr...
FAILED tests/test_config_loading.py::test_feature_flags_loading - AssertionEr...
FAILED tests/test_config_loading.py::test_config_validation - Failed: DID NOT...
FAILED tests/test_config_loading.py::test_config_from_env_file - AttributeErr...
FAILED tests/test_ema_crossover_strategy.py::test_strategy_initializes_defaults
FAILED tests/test_ema_crossover_strategy.py::test_strategy_emits_buy_and_sell_on_crossovers
FAILED tests/test_ema_crossover_strategy.py::test_strategy_returns_none_when_no_crossover
FAILED tests/test_ema_crossover_strategy.py::test_ema_values_progress_over_time
FAILED tests/test_ema_strategy.py::test_ema_crossover_emits_signals_on_cross
FAILED tests/test_env_modes.py::test_finbot_mode_valid_values - ImportError: ...
FAILED tests/test_env_modes.py::test_finbot_mode_invalid_value_raises_error
FAILED tests/test_env_modes.py::test_live_mode_requires_confirmation - Assert...
FAILED tests/test_env_modes.py::test_env_file_loading - AttributeError: <modu...
FAILED tests/test_env_modes.py::test_safety_audit_script - AssertionError: as...
FAILED tests/test_full_pipeline.py::test_full_pipeline_intraday_ema_with_mock_broker
FAILED tests/test_health_endpoints.py::test_ready_endpoint_alias - assert 404...
FAILED tests/test_health_endpoints.py::test_live_endpoint_alias - assert 429 ...
FAILED tests/test_health_endpoints.py::test_api_health_endpoint - assert 429 ...
FAILED tests/test_health_endpoints.py::test_health_endpoint_timestamp_format
FAILED tests/test_health_endpoints.py::test_health_endpoint_cache_dependency_check
FAILED tests/test_logging_and_metrics.py::test_metrics_endpoint_returns_valid_json
FAILED tests/test_logging_and_metrics.py::test_metrics_endpoint_includes_uptime
FAILED tests/test_logging_and_metrics.py::test_metrics_endpoint_includes_trade_stream_info
FAILED tests/test_logging_and_metrics.py::test_metrics_endpoint_includes_dependencies_health
FAILED tests/test_logging_and_metrics.py::test_logs_endpoint_returns_structured_logs
FAILED tests/test_logging_and_metrics.py::test_logs_endpoint_filters_by_level
FAILED tests/test_logging_and_metrics.py::test_logs_endpoint_limits_results
FAILED tests/test_logging_and_metrics.py::test_logs_endpoint_pagination_with_since_until
FAILED tests/test_logging_and_metrics.py::test_logs_endpoint_masks_sensitive_data
FAILED tests/test_logging_and_metrics.py::test_logs_endpoint_handles_missing_log_file
FAILED tests/test_logging_and_metrics.py::test_logs_endpoint_handles_corrupt_log_file
FAILED tests/test_stock_scraper.py::test_detects_volume_spike_anomaly - Value...
FAILED tests/trading_engine/test_backtest_runner.py::test_run_backtest_produces_result
FAILED tests/trading_engine/test_live_safety_guards.py::test_circuit_breaker_opens_after_failures
FAILED tests/unit/test_adapters.py::TestYFinanceAdapter::test_fetch_historical_data_success
FAILED tests/unit/test_adapters.py::TestYFinanceAdapter::test_fetch_historical_data_error
FAILED tests/unit/test_adapters.py::TestYFinanceAdapter::test_realtime_connect_not_implemented
FAILED tests/unit/test_adapters.py::TestAlphaVantageAdapter::test_fetch_historical_data_daily
FAILED tests/unit/test_adapters.py::TestAlphaVantageAdapter::test_fetch_historical_data_intraday
FAILED tests/unit/test_adapters.py::TestAlphaVantageAdapter::test_fetch_historical_data_error
FAILED tests/unit/test_adapters.py::TestAlphaVantageAdapter::test_realtime_connect_not_implemented
FAILED tests/unit/test_adapters.py::TestAlphaVantageAdapter::test_context_manager
FAILED tests/unit/test_ai_pipeline.py::test_pipeline_blocks_jailbreak - Faile...
FAILED tests/unit/test_ai_pipeline.py::test_pipeline_returns_grounded_answer
FAILED tests/unit/test_cli.py::TestBackfillCommand::test_backfill_with_symbols
FAILED tests/unit/test_cli.py::TestBackfillCommand::test_backfill_with_csv - ...
FAILED tests/unit/test_cli.py::TestBackfillCommand::test_backfill_no_symbols
FAILED tests/unit/test_cli.py::TestRealtimeCommand::test_realtime_with_mock_provider
FAILED tests/unit/test_cli.py::TestMigrateCommand::test_migrate_success - Fai...
FAILED tests/unit/test_storage.py::TestDataStorage::test_connect_sqlite - Fai...
FAILED tests/unit/test_storage.py::TestDataStorage::test_health_check_failure
FAILED tests/unit/test_storage.py::TestDataStorage::test_disconnect - Failed:...
FAILED tests/unit/test_tick_aggregator.py::test_candle_aggregation_emits_expected_payloads
===== 200 failed, 266 passed, 1 skipped, 145 warnings, 25 errors in 59.17s =====
